2023-08-07 04:27:05,999 [INFO] Activator:176 - 


2023-08-07 04:27:06,023 [INFO] Activator:177 - !SESSION log4j initialized
2023-08-07 04:27:20,601 [INFO] LogOutputStream:77 - [STDOUT_REDIRECT] 
2023-08-07 04:27:23,815 [ERROR] ConfigurationRetriever:142 - IOException on connection: Read timed out
2023-08-07 04:27:24,305 [INFO] ApplicationProperties:184 - Using Application install path: C:\ST\STM32CubeIDE_1.13.0\STM32CubeIDE\plugins\com.st.stm32cube.common.mx_6.9.0.202307051724
2023-08-07 04:27:24,320 [INFO] DbMcusXml:78 - Set database path to: C:\ST\STM32CubeIDE_1.13.0\STM32CubeIDE\plugins\com.st.stm32cube.common.mx_6.9.0.202307051724\\db\/mcu/
2023-08-07 04:27:24,321 [INFO] ApiDb:274 - Set plugin database path to: C:\ST\STM32CubeIDE_1.13.0\STM32CubeIDE\plugins\com.st.stm32cube.common.mx_6.9.0.202307051724\\db\/plugins/boardmanager/
2023-08-07 04:27:24,331 [WARN] ApiDb:259 - Overriding images path with different value:  => C:\ST\STM32CubeIDE_1.13.0\STM32CubeIDE\plugins\com.st.stm32cube.common.mx_6.9.0.202307051724\\db\/plugins/mcufinder/images/
2023-08-07 04:27:24,345 [INFO] ApiDb:250 - Set database path to: C:\Users\Amir Sharif\.stmcufinder\plugins\mcufinder//mcu/
2023-08-07 04:27:24,346 [INFO] DbMcusAds:125 - Set database path to: C:\Users\Amir Sharif\.stmcufinder\plugins\mcufinder//mcu/
2023-08-07 04:27:24,347 [INFO] CrossReferenceDbSqlite:203 - Set database path to: C:\Users\Amir Sharif\.stmcufinder\plugins\mcufinder//mcu/cs/
2023-08-07 04:27:24,437 [INFO] RulesReader:64 - Compatibility file has been processed (293 Rules)
2023-08-07 04:27:24,501 [INFO] DbMcusXml:78 - Set database path to: C:\ST\STM32CubeIDE_1.13.0\STM32CubeIDE\plugins\com.st.stm32cube.common.mx_6.9.0.202307051724\\db\/mcu/
2023-08-07 04:27:24,501 [INFO] ApiDb:274 - Set plugin database path to: C:\ST\STM32CubeIDE_1.13.0\STM32CubeIDE\plugins\com.st.stm32cube.common.mx_6.9.0.202307051724\\db\/plugins/boardmanager/
2023-08-07 04:27:24,501 [INFO] ApiDb:261 - Set plugin images path to: C:\ST\STM32CubeIDE_1.13.0\STM32CubeIDE\plugins\com.st.stm32cube.common.mx_6.9.0.202307051724\\db\/plugins/mcufinder/images/
2023-08-07 04:27:24,502 [WARN] DbFile:41 - Overriding database path with different value: C:\Users\Amir Sharif\.stmcufinder\plugins\mcufinder/ => C:\Users\Amir Sharif\.stmcufinder\plugins\mcufinder
2023-08-07 04:27:24,502 [INFO] ApiDb:250 - Set database path to: C:\Users\Amir Sharif\.stmcufinder\plugins\mcufinder//mcu/
2023-08-07 04:27:24,502 [WARN] DbFile:41 - Overriding database path with different value: C:\Users\Amir Sharif\.stmcufinder\plugins\mcufinder/ => C:\Users\Amir Sharif\.stmcufinder\plugins\mcufinder
2023-08-07 04:27:24,502 [INFO] DbMcusAds:125 - Set database path to: C:\Users\Amir Sharif\.stmcufinder\plugins\mcufinder//mcu/
2023-08-07 04:27:24,502 [WARN] DbFile:41 - Overriding database path with different value: C:\Users\Amir Sharif\.stmcufinder\plugins\mcufinder/ => C:\Users\Amir Sharif\.stmcufinder\plugins\mcufinder
2023-08-07 04:27:24,502 [WARN] DbFile:41 - Overriding database path with different value: C:\Users\Amir Sharif\.stmcufinder\plugins\mcufinder/ => C:\Users\Amir Sharif\.stmcufinder\plugins\mcufinder
2023-08-07 04:27:24,502 [INFO] CrossReferenceDbSqlite:203 - Set database path to: C:\Users\Amir Sharif\.stmcufinder\plugins\mcufinder//mcu/cs/
2023-08-07 04:27:24,562 [INFO] MainPanel:262 - HeapMemory: 268435456
2023-08-07 04:27:24,637 [INFO] DbMcusXml:78 - Set database path to: C:\ST\STM32CubeIDE_1.13.0\STM32CubeIDE\plugins\com.st.stm32cube.common.mx_6.9.0.202307051724\\db\/mcu/
2023-08-07 04:27:24,637 [INFO] ApiDb:274 - Set plugin database path to: C:\ST\STM32CubeIDE_1.13.0\STM32CubeIDE\plugins\com.st.stm32cube.common.mx_6.9.0.202307051724\\db\/plugins/boardmanager/
2023-08-07 04:27:24,637 [INFO] ApiDb:261 - Set plugin images path to: C:\ST\STM32CubeIDE_1.13.0\STM32CubeIDE\plugins\com.st.stm32cube.common.mx_6.9.0.202307051724\\db\/plugins/mcufinder/images/
2023-08-07 04:27:24,637 [WARN] DbFile:41 - Overriding database path with different value: C:\Users\Amir Sharif\.stmcufinder\plugins\mcufinder/ => C:\Users\Amir Sharif\.stmcufinder\plugins\mcufinder
2023-08-07 04:27:24,638 [INFO] ApiDb:250 - Set database path to: C:\Users\Amir Sharif\.stmcufinder\plugins\mcufinder//mcu/
2023-08-07 04:27:24,638 [WARN] DbFile:41 - Overriding database path with different value: C:\Users\Amir Sharif\.stmcufinder\plugins\mcufinder/ => C:\Users\Amir Sharif\.stmcufinder\plugins\mcufinder
2023-08-07 04:27:24,638 [INFO] DbMcusAds:125 - Set database path to: C:\Users\Amir Sharif\.stmcufinder\plugins\mcufinder//mcu/
2023-08-07 04:27:24,638 [WARN] DbFile:41 - Overriding database path with different value: C:\Users\Amir Sharif\.stmcufinder\plugins\mcufinder/ => C:\Users\Amir Sharif\.stmcufinder\plugins\mcufinder
2023-08-07 04:27:24,638 [WARN] DbFile:41 - Overriding database path with different value: C:\Users\Amir Sharif\.stmcufinder\plugins\mcufinder/ => C:\Users\Amir Sharif\.stmcufinder\plugins\mcufinder
2023-08-07 04:27:24,638 [INFO] CrossReferenceDbSqlite:203 - Set database path to: C:\Users\Amir Sharif\.stmcufinder\plugins\mcufinder//mcu/cs/
2023-08-07 04:27:24,653 [INFO] ApplicationProperties:184 - Using Application install path: C:\ST\STM32CubeIDE_1.13.0\STM32CubeIDE\plugins\com.st.stm32cube.common.mx_6.9.0.202307051724
2023-08-07 04:27:24,654 [INFO] PluginManage:196 - Search for loadable plugins [exclusion list=, ]
2023-08-07 04:27:24,656 [INFO] PluginManage:310 - Check plugin analytics
2023-08-07 04:27:24,786 [INFO] AnalyticsPlugin:253 - Accepted Software Licenses: 
2023-08-07 04:27:24,787 [INFO] AnalyticsPlugin:255 - Accepted CMSIS Pack Licenses: 
2023-08-07 04:27:24,787 [INFO] AnalyticsPlugin:257 - Accepted Firmware Licenses: 
2023-08-07 04:27:24,788 [INFO] PluginManage:359 - Loaded plugin analytics (category:tool,tabindex:-1)
2023-08-07 04:27:24,789 [INFO] PluginManage:310 - Check plugin cadmodel
2023-08-07 04:27:24,800 [INFO] CADModel:105 - Init CAD model plugin
2023-08-07 04:27:24,800 [INFO] PluginManage:359 - Loaded plugin cadmodel (category:power,tabindex:5)
2023-08-07 04:27:24,800 [INFO] PluginManage:310 - Check plugin clock
2023-08-07 04:27:24,814 [INFO] PluginManage:359 - Loaded plugin clock (category:base,tabindex:2)
2023-08-07 04:27:24,814 [INFO] PluginManage:310 - Check plugin ddr
2023-08-07 04:27:24,816 [INFO] PluginManage:359 - Loaded plugin ddr (category:tool,tabindex:6)
2023-08-07 04:27:24,816 [INFO] PluginManage:310 - Check plugin filemanager
2023-08-07 04:27:24,924 [INFO] PluginManage:359 - Loaded plugin filemanager (category:base,tabindex:10)
2023-08-07 04:27:24,924 [INFO] PluginManage:310 - Check plugin ipmanager
2023-08-07 04:27:24,930 [INFO] PluginManage:359 - Loaded plugin ipmanager (category:base,tabindex:5)
2023-08-07 04:27:24,930 [INFO] PluginManage:310 - Check plugin lpbam
2023-08-07 04:27:24,942 [INFO] PluginManage:359 - Loaded plugin lpbam (category:base,tabindex:0)
2023-08-07 04:27:24,942 [INFO] PluginManage:310 - Check plugin memorymap
2023-08-07 04:27:24,963 [INFO] PluginManage:359 - Loaded plugin memorymap (category:base,tabindex:4)
2023-08-07 04:27:24,963 [INFO] PluginManage:310 - Check plugin pinoutandconfiguration
2023-08-07 04:27:24,978 [INFO] PluginManage:359 - Loaded plugin pinoutandconfiguration (category:base,tabindex:1)
2023-08-07 04:27:24,978 [INFO] PluginManage:310 - Check plugin pinoutconfig
2023-08-07 04:27:25,051 [WARN] SupportedApi:132 - Cannot load RTOS API schema: s4s-elt-must-match.1: The content of 'definitions' must match (annotation?, (simpleType | complexType)?, (unique | key | keyref)*)). A problem was found starting at: attribute.
2023-08-07 04:27:25,152 [INFO] PluginManage:359 - Loaded plugin pinoutconfig (category:base,tabindex:0)
2023-08-07 04:27:25,152 [INFO] PluginManage:310 - Check plugin power
2023-08-07 04:27:25,167 [INFO] PluginManage:359 - Loaded plugin power (category:power,tabindex:4)
2023-08-07 04:27:25,167 [INFO] PluginManage:310 - Check plugin projectmanager
2023-08-07 04:27:25,175 [INFO] PluginManage:359 - Loaded plugin projectmanager (category:projectmanager,tabindex:3)
2023-08-07 04:27:25,176 [INFO] PluginManage:310 - Check plugin thirdparty
2023-08-07 04:27:25,367 [INFO] PluginManage:359 - Loaded plugin thirdparty (category:base,tabindex:-1)
2023-08-07 04:27:25,367 [INFO] PluginManage:310 - Check plugin tools
2023-08-07 04:27:25,367 [WARN] IntegrityCheckThread:84 - waiting for thirdparty lock release [integrity check]
2023-08-07 04:27:25,367 [INFO] IntegrityCheckThread:86 - entering critical section [integrity check]
2023-08-07 04:27:25,367 [INFO] ThirdPartyUpdaterWithRetryManager:70 - Updater plugin not ready yet. [1/15]
2023-08-07 04:27:25,389 [INFO] PluginManage:359 - Loaded plugin tools (category:base,tabindex:7)
2023-08-07 04:27:25,389 [INFO] PluginManage:310 - Check plugin tutovideos
2023-08-07 04:27:25,547 [INFO] PluginManage:359 - Loaded plugin tutovideos (category:base,tabindex:-1)
2023-08-07 04:27:25,547 [INFO] PluginManage:310 - Check plugin updater
2023-08-07 04:27:25,555 [INFO] PluginManage:359 - Loaded plugin updater (category:base,tabindex:12)
2023-08-07 04:27:25,555 [INFO] PluginManage:310 - Check plugin userauth
2023-08-07 04:27:25,560 [INFO] UserAuth:113 - Init User Auth plugin
2023-08-07 04:27:25,560 [INFO] PluginManage:359 - Loaded plugin userauth (category:base,tabindex:14)
2023-08-07 04:27:25,560 [INFO] PluginManage:283 - PluginManage : Loaded plugins [17]
2023-08-07 04:27:25,717 [INFO] PinOutPanel:1499 - setPackage(No Configuration,No Configuration)
2023-08-07 04:27:25,786 [INFO] CADModel:165 - CPN selected for project level
2023-08-07 04:27:25,786 [INFO] CADModel:114 - Register for checkConnection events
2023-08-07 04:27:25,806 [INFO] IPUIPlugin:80 - create IPUIPlugin
2023-08-07 04:27:25,806 [INFO] PluginManager:220 - loadIPPluginJar : add adc
2023-08-07 04:27:25,835 [INFO] IPUIPlugin:80 - create IPUIPlugin
2023-08-07 04:27:25,836 [INFO] PluginManager:220 - loadIPPluginJar : add aes
2023-08-07 04:27:25,870 [INFO] IPUIPlugin:80 - create IPUIPlugin
2023-08-07 04:27:25,870 [INFO] PluginManager:220 - loadIPPluginJar : add can
2023-08-07 04:27:25,888 [INFO] IPUIPlugin:80 - create IPUIPlugin
2023-08-07 04:27:25,888 [INFO] PluginManager:220 - loadIPPluginJar : add comp
2023-08-07 04:27:25,908 [INFO] IPUIPlugin:80 - create IPUIPlugin
2023-08-07 04:27:25,908 [INFO] PluginManager:220 - loadIPPluginJar : add cryp
2023-08-07 04:27:25,927 [INFO] IPUIPlugin:80 - create IPUIPlugin
2023-08-07 04:27:25,927 [INFO] PluginManager:220 - loadIPPluginJar : add dfsdm
2023-08-07 04:27:25,937 [INFO] IPUIPlugin:80 - create IPUIPlugin
2023-08-07 04:27:25,938 [INFO] PluginManager:220 - loadIPPluginJar : add dma
2023-08-07 04:27:25,964 [INFO] IPUIPlugin:80 - create IPUIPlugin
2023-08-07 04:27:25,965 [INFO] PluginManager:220 - loadIPPluginJar : add dma3
2023-08-07 04:27:25,977 [INFO] IPUIPlugin:80 - create IPUIPlugin
2023-08-07 04:27:25,977 [INFO] PluginManager:220 - loadIPPluginJar : add fatfs
2023-08-07 04:27:26,013 [INFO] IPUIPlugin:80 - create IPUIPlugin
2023-08-07 04:27:26,013 [INFO] PluginManager:220 - loadIPPluginJar : add fmc
2023-08-07 04:27:26,026 [INFO] IPUIPlugin:80 - create IPUIPlugin
2023-08-07 04:27:26,026 [INFO] PluginManager:220 - loadIPPluginJar : add freertos
2023-08-07 04:27:26,040 [INFO] IPUIPlugin:80 - create IPUIPlugin
2023-08-07 04:27:26,040 [INFO] PluginManager:220 - loadIPPluginJar : add genericplugin
2023-08-07 04:27:26,094 [INFO] IPUIPlugin:80 - create IPUIPlugin
2023-08-07 04:27:26,094 [INFO] PluginManager:220 - loadIPPluginJar : add gfxmmu
2023-08-07 04:27:26,172 [INFO] IPUIPlugin:80 - create IPUIPlugin
2023-08-07 04:27:26,172 [INFO] PluginManager:220 - loadIPPluginJar : add gic
2023-08-07 04:27:26,195 [INFO] IPUIPlugin:80 - create IPUIPlugin
2023-08-07 04:27:26,195 [INFO] PluginManager:220 - loadIPPluginJar : add gpio
2023-08-07 04:27:26,258 [INFO] IPUIPlugin:80 - create IPUIPlugin
2023-08-07 04:27:26,259 [INFO] PluginManager:220 - loadIPPluginJar : add gtzc
2023-08-07 04:27:26,284 [INFO] IPUIPlugin:80 - create IPUIPlugin
2023-08-07 04:27:26,284 [INFO] PluginManager:220 - loadIPPluginJar : add hash
2023-08-07 04:27:26,319 [INFO] IPUIPlugin:80 - create IPUIPlugin
2023-08-07 04:27:26,319 [INFO] PluginManager:220 - loadIPPluginJar : add i2c
2023-08-07 04:27:26,342 [INFO] IPUIPlugin:80 - create IPUIPlugin
2023-08-07 04:27:26,342 [INFO] PluginManager:220 - loadIPPluginJar : add i2s
2023-08-07 04:27:26,367 [INFO] IPUIPlugin:80 - create IPUIPlugin
2023-08-07 04:27:26,367 [INFO] PluginManager:220 - loadIPPluginJar : add i3c
2023-08-07 04:27:26,433 [INFO] IPUIPlugin:80 - create IPUIPlugin
2023-08-07 04:27:26,433 [INFO] PluginManager:220 - loadIPPluginJar : add ipddr
2023-08-07 04:27:26,489 [INFO] IPUIPlugin:80 - create IPUIPlugin
2023-08-07 04:27:26,490 [INFO] PluginManager:220 - loadIPPluginJar : add linkedlist
2023-08-07 04:27:26,512 [INFO] IPUIPlugin:80 - create IPUIPlugin
2023-08-07 04:27:26,512 [INFO] PluginManager:220 - loadIPPluginJar : add lorawan
2023-08-07 04:27:26,535 [INFO] IPUIPlugin:80 - create IPUIPlugin
2023-08-07 04:27:26,535 [INFO] PluginManager:220 - loadIPPluginJar : add ltdc
2023-08-07 04:27:26,549 [INFO] IPUIPlugin:80 - create IPUIPlugin
2023-08-07 04:27:26,549 [INFO] PluginManager:220 - loadIPPluginJar : add mdma
2023-08-07 04:27:26,559 [INFO] IPUIPlugin:80 - create IPUIPlugin
2023-08-07 04:27:26,560 [INFO] PluginManager:220 - loadIPPluginJar : add nvic
2023-08-07 04:27:26,583 [INFO] IPUIPlugin:80 - create IPUIPlugin
2023-08-07 04:27:26,583 [INFO] PluginManager:220 - loadIPPluginJar : add opamp
2023-08-07 04:27:26,624 [INFO] IPUIPlugin:80 - create IPUIPlugin
2023-08-07 04:27:26,624 [INFO] PluginManager:220 - loadIPPluginJar : add openamp
2023-08-07 04:27:26,652 [INFO] IPUIPlugin:80 - create IPUIPlugin
2023-08-07 04:27:26,652 [INFO] PluginManager:220 - loadIPPluginJar : add pdm2pcm
2023-08-07 04:27:26,665 [INFO] IPUIPlugin:80 - create IPUIPlugin
2023-08-07 04:27:26,667 [INFO] PluginManager:220 - loadIPPluginJar : add plateformsettings
2023-08-07 04:27:26,680 [INFO] IPUIPlugin:80 - create IPUIPlugin
2023-08-07 04:27:26,681 [INFO] PluginManager:220 - loadIPPluginJar : add quadspi
2023-08-07 04:27:26,693 [INFO] IPUIPlugin:80 - create IPUIPlugin
2023-08-07 04:27:26,693 [INFO] PluginManager:220 - loadIPPluginJar : add resmgrutility
2023-08-07 04:27:26,726 [INFO] IPUIPlugin:80 - create IPUIPlugin
2023-08-07 04:27:26,727 [INFO] PluginManager:220 - loadIPPluginJar : add sai
2023-08-07 04:27:26,748 [INFO] IPUIPlugin:80 - create IPUIPlugin
2023-08-07 04:27:26,748 [INFO] PluginManager:220 - loadIPPluginJar : add spi
2023-08-07 04:27:26,781 [INFO] IPUIPlugin:80 - create IPUIPlugin
2023-08-07 04:27:26,781 [INFO] PluginManager:220 - loadIPPluginJar : add stm32_wpan
2023-08-07 04:27:26,795 [INFO] IPUIPlugin:80 - create IPUIPlugin
2023-08-07 04:27:26,795 [INFO] PluginManager:220 - loadIPPluginJar : add tim
2023-08-07 04:27:26,830 [INFO] IPUIPlugin:80 - create IPUIPlugin
2023-08-07 04:27:26,830 [INFO] PluginManager:220 - loadIPPluginJar : add touchsensing
2023-08-07 04:27:26,844 [INFO] IPUIPlugin:80 - create IPUIPlugin
2023-08-07 04:27:26,844 [INFO] PluginManager:220 - loadIPPluginJar : add tracer_emb
2023-08-07 04:27:26,867 [INFO] IPUIPlugin:80 - create IPUIPlugin
2023-08-07 04:27:26,868 [INFO] PluginManager:220 - loadIPPluginJar : add ts
2023-08-07 04:27:26,886 [INFO] IPUIPlugin:80 - create IPUIPlugin
2023-08-07 04:27:26,886 [INFO] PluginManager:220 - loadIPPluginJar : add tsc
2023-08-07 04:27:26,909 [INFO] IPUIPlugin:80 - create IPUIPlugin
2023-08-07 04:27:26,909 [INFO] PluginManager:220 - loadIPPluginJar : add ucpd
2023-08-07 04:27:26,939 [INFO] IPUIPlugin:80 - create IPUIPlugin
2023-08-07 04:27:26,939 [INFO] PluginManager:220 - loadIPPluginJar : add usart
2023-08-07 04:27:26,967 [INFO] IPUIPlugin:80 - create IPUIPlugin
2023-08-07 04:27:26,967 [INFO] PluginManager:220 - loadIPPluginJar : add usbx
2023-08-07 04:27:27,077 [INFO] CADModel:165 - CPN selected for project level
2023-08-07 04:27:27,078 [INFO] CADModel:114 - Register for checkConnection events
2023-08-07 04:27:27,078 [FATAL] Updater:308 - Updater called before beeing initialized
2023-08-07 04:27:27,078 [ERROR] CADModel:125 - Updater not yet initialized, retry later 
2023-08-07 04:27:27,182 [INFO] CADModel:165 - CPN selected for project level
2023-08-07 04:27:27,182 [INFO] CADModel:114 - Register for checkConnection events
2023-08-07 04:27:27,182 [FATAL] Updater:308 - Updater called before beeing initialized
2023-08-07 04:27:27,182 [ERROR] CADModel:125 - Updater not yet initialized, retry later 
2023-08-07 04:27:27,184 [FATAL] Updater:308 - Updater called before beeing initialized
2023-08-07 04:27:27,254 [FATAL] Updater:308 - Updater called before beeing initialized
2023-08-07 04:27:27,263 [INFO] DbMcusAds:53 - JSON generation date=Tue Mar 07 03:50:55 GMT-05:00 2023 (1678179055114)
2023-08-07 04:27:27,263 [FATAL] Updater:308 - Updater called before beeing initialized
2023-08-07 04:27:27,316 [WARN] DetailPanel:346 - Failed to get advertising image, set to default
2023-08-07 04:27:27,388 [FATAL] Updater:308 - Updater called before beeing initialized
2023-08-07 04:27:27,390 [FATAL] Updater:308 - Updater called before beeing initialized
2023-08-07 04:27:27,390 [FATAL] Updater:308 - Updater called before beeing initialized
2023-08-07 04:27:27,390 [WARN] DetailPanel:346 - Failed to get advertising image, set to default
2023-08-07 04:27:27,390 [FATAL] Updater:308 - Updater called before beeing initialized
2023-08-07 04:27:27,434 [ERROR] Updater:1120 - MainUpdater not yet initialized. External WinMGr cannot be set.
2023-08-07 04:27:27,440 [INFO] Updater:1056 - Updater Version found : 6.9.0
2023-08-07 04:27:27,452 [INFO] ApplicationProperties:184 - Using Application install path: C:\ST\STM32CubeIDE_1.13.0\STM32CubeIDE\plugins\com.st.stm32cube.common.mx_6.9.0.202307051724
2023-08-07 04:27:28,369 [INFO] ThirdPartyUpdaterWithRetryManager:70 - Updater plugin not ready yet. [2/15]
2023-08-07 04:27:28,994 [INFO] MainUpdater:2868 - connection check result : 10
2023-08-07 04:27:28,994 [INFO] MainUpdater:285 - Updater Check For Update Now.
2023-08-07 04:27:28,994 [INFO] MicroXplorer:498 - Change Database Version : DB.6.0.90
2023-08-07 04:27:29,033 [INFO] McuFinderGlobals:63 - Set McuFinder mode to 2 (CubeIDE integrated)
2023-08-07 04:27:29,168 [INFO] CheckServerUpdateThread:120 - End of CheckServer Thread
2023-08-07 04:27:31,509 [WARN] PackLoader:240 - Cannot read IP mode file for STMicroelectronics.X-CUBE-SMBUS.2.1.0
2023-08-07 04:27:31,536 [WARN] PackLoader:240 - Cannot read IP mode file for STMicroelectronics.X-CUBE-AZRTOS-F7.1.1.0
2023-08-07 04:27:31,548 [WARN] PackLoader:240 - Cannot read IP mode file for STMicroelectronics.FP-SNS-MOTENV1.4.3.2
2023-08-07 04:27:31,558 [ERROR] RealEvaluatedCondition:428 - Found unsupported composite condition: GROUP='STM32_MetaDataManager' CLASS='Data Exchange'
2023-08-07 04:27:31,558 [ERROR] RealEvaluatedCondition:428 - Found unsupported composite condition: CLASS='Data Exchange' GROUP='STM32_MetaDataManager'
2023-08-07 04:27:31,559 [WARN] PackLoader:240 - Cannot read IP mode file for STMicroelectronics.FP-SNS-MOTENV1.4.3.1
2023-08-07 04:27:31,567 [WARN] PackLoader:240 - Cannot read IP mode file for STMicroelectronics.FP-SNS-FLIGHT1.5.0.1
2023-08-07 04:27:31,576 [WARN] PackLoader:240 - Cannot read IP mode file for STMicroelectronics.X-CUBE-BLE1.6.2.3
2023-08-07 04:27:31,583 [WARN] PackLoader:240 - Cannot read IP mode file for STMicroelectronics.X-CUBE-BLE1.6.2.4
2023-08-07 04:27:31,590 [WARN] PackLoader:240 - Cannot read IP mode file for STMicroelectronics.FP-SNS-FLIGHT1.5.0.2
2023-08-07 04:27:31,601 [WARN] PackLoader:240 - Cannot read IP mode file for STMicroelectronics.X-CUBE-DISPLAY.3.0.0
2023-08-07 04:27:31,614 [WARN] PackLoader:240 - Cannot read IP mode file for emotas.I-CUBE-CANOPEN.1.3.0
2023-08-07 04:27:31,622 [WARN] PackLoader:240 - Cannot read IP mode file for STMicroelectronics.X-CUBE-TOUCHGFX.4.22.0
2023-08-07 04:27:31,654 [WARN] PackLoader:240 - Cannot read IP mode file for STMicroelectronics.X-CUBE-MEMS1.9.3.0
2023-08-07 04:27:31,747 [INFO] LogOutputStream:77 - [STDOUT_REDIRECT] 1 : Invalid condition id : UX_CORESTACK_Condition cause : null
2023-08-07 04:27:31,747 [INFO] LogOutputStream:77 - [STDOUT_REDIRECT] 1 : Invalid condition id : UX_CORESTACK_Condition cause : null
2023-08-07 04:27:31,748 [INFO] LogOutputStream:77 - [STDOUT_REDIRECT] 1 : Invalid condition id : UX_CORESTACK_Condition cause : null
2023-08-07 04:27:31,749 [INFO] LogOutputStream:77 - [STDOUT_REDIRECT] 1 : Invalid condition id : UX_CORESTACK_Condition cause : null
2023-08-07 04:27:31,750 [INFO] LogOutputStream:77 - [STDOUT_REDIRECT] 1 : Invalid condition id : UX_CORESTACK_Condition cause : null
2023-08-07 04:27:31,751 [WARN] PackLoader:240 - Cannot read IP mode file for STMicroelectronics.X-CUBE-AZRTOS-WL.2.0.0
2023-08-07 04:27:31,762 [WARN] PackLoader:240 - Cannot read IP mode file for WES.I-CUBE-Cesium.1.3.0
2023-08-07 04:27:31,770 [WARN] PackLoader:240 - Cannot read IP mode file for STMicroelectronics.X-CUBE-BLE2.3.3.0
2023-08-07 04:27:31,779 [WARN] PackLoader:240 - Cannot read IP mode file for STMicroelectronics.X-CUBE-DISPLAY.2.2.0
2023-08-07 04:27:31,793 [WARN] PackLoader:240 - Cannot read IP mode file for STMicroelectronics.X-CUBE-TOF1.3.2.0
2023-08-07 04:27:31,813 [WARN] PackLoader:240 - Cannot read IP mode file for STMicroelectronics.X-CUBE-AZRTOS-H7.2.1.0
2023-08-07 04:27:31,824 [WARN] PackLoader:240 - Cannot read IP mode file for STMicroelectronics.X-CUBE-TOUCHGFX.4.21.1
2023-08-07 04:27:31,832 [WARN] PackLoader:240 - Cannot read IP mode file for STMicroelectronics.X-CUBE-TOUCHGFX.4.21.0
2023-08-07 04:27:31,840 [WARN] PackLoader:240 - Cannot read IP mode file for STMicroelectronics.X-CUBE-TOUCHGFX.4.21.3
2023-08-07 04:27:31,848 [WARN] PackLoader:240 - Cannot read IP mode file for STMicroelectronics.X-CUBE-TOUCHGFX.4.21.4
2023-08-07 04:27:31,879 [WARN] PackLoader:240 - Cannot read IP mode file for STMicroelectronics.X-CUBE-MEMS1.9.4.0
2023-08-07 04:27:31,939 [WARN] PackLoader:240 - Cannot read IP mode file for STMicroelectronics.X-CUBE-AI.7.3.0
2023-08-07 04:27:31,951 [WARN] PackLoader:240 - Cannot read IP mode file for STMicroelectronics.X-CUBE-ALGOBUILD.1.3.0
2023-08-07 04:27:31,968 [WARN] PackLoader:240 - Cannot read IP mode file for STMicroelectronics.X-CUBE-AZRTOS-G0.1.1.0
2023-08-07 04:27:31,977 [WARN] PackLoader:240 - Cannot read IP mode file for STMicroelectronics.X-CUBE-NFC4.3.0.0
2023-08-07 04:27:32,005 [WARN] PackLoader:240 - Cannot read IP mode file for SEGGER.I-CUBE-embOS.1.2.1
2023-08-07 04:27:32,164 [WARN] PackLoader:240 - Cannot read IP mode file for STMicroelectronics.X-CUBE-BLEMGR.1.3.0
2023-08-07 04:27:32,173 [WARN] PackLoader:240 - Cannot read IP mode file for STMicroelectronics.FP-ATR-SIGFOX1.3.2.0
2023-08-07 04:27:32,182 [WARN] PackLoader:240 - Cannot read IP mode file for STMicroelectronics.X-CUBE-TOUCHGFX.4.20.0
2023-08-07 04:27:32,211 [WARN] PackLoader:240 - Cannot read IP mode file for STMicroelectronics.X-CUBE-MEMS1.9.5.0
2023-08-07 04:27:32,298 [WARN] PackLoader:240 - Cannot read IP mode file for SEGGER.I-CUBE-embOS.1.3.1
2023-08-07 04:27:32,372 [WARN] PackLoader:240 - Cannot read IP mode file for STMicroelectronics.X-CUBE-GNSS1.6.0.0
2023-08-07 04:27:32,392 [WARN] PackLoader:240 - Cannot read IP mode file for STMicroelectronics.X-CUBE-AZRTOS-F4.1.1.0
2023-08-07 04:27:32,403 [WARN] PackLoader:240 - Cannot read IP mode file for wolfSSL.I-CUBE-wolfSSL.5.6.3
2023-08-07 04:27:32,439 [WARN] PackLoader:240 - Cannot read IP mode file for wolfSSL.I-CUBE-wolfSSL.5.6.0
2023-08-07 04:27:32,476 [WARN] PackLoader:240 - Cannot read IP mode file for STMicroelectronics.X-CUBE-BLEMGR.1.2.0
2023-08-07 04:27:32,506 [WARN] PackLoader:240 - Cannot read IP mode file for STMicroelectronics.X-CUBE-MEMS1.9.6.0
2023-08-07 04:27:32,583 [WARN] PackLoader:240 - Cannot read IP mode file for emotas.I-CUBE-CANOPEN.1.1.3
2023-08-07 04:27:32,590 [WARN] PackLoader:240 - Cannot read IP mode file for STMicroelectronics.X-CUBE-BLEMGR.2.0.0
2023-08-07 04:27:32,600 [WARN] PackLoader:240 - Cannot read IP mode file for STMicroelectronics.X-CUBE-NFC4.2.0.5
2023-08-07 04:27:32,610 [WARN] PackLoader:240 - Cannot read IP mode file for STMicroelectronics.X-CUBE-NFC4.2.0.4
2023-08-07 04:27:32,631 [WARN] ConditionMgr:438 - getConditionDescription Invalid condition id : UX DEVICE CLASS RTOS Condition cause : null
2023-08-07 04:27:32,632 [WARN] ConditionMgr:438 - getConditionDescription Invalid condition id : UX DEVICE CLASS RTOS Condition cause : null
2023-08-07 04:27:32,633 [WARN] PackLoader:240 - Cannot read IP mode file for STMicroelectronics.X-CUBE-AZRTOS-H7.3.1.0
2023-08-07 04:27:32,634 [WARN] ConditionMgr:1039 - genDependencies : Invalid condition id : UX DEVICE CLASS RTOS Condition cause : null
2023-08-07 04:27:32,634 [WARN] ConditionMgr:1039 - genDependencies : Invalid condition id : UX DEVICE CLASS RTOS Condition cause : null
2023-08-07 04:27:32,634 [WARN] ConditionMgr:1039 - genDependencies : Invalid condition id : UX DEVICE CLASS RTOS Condition cause : null
2023-08-07 04:27:32,635 [WARN] ConditionMgr:1039 - genDependencies : Invalid condition id : UX DEVICE CLASS RTOS Condition cause : null
2023-08-07 04:27:32,635 [WARN] ConditionMgr:1039 - genDependencies : Invalid condition id : UX DEVICE CLASS RTOS Condition cause : null
2023-08-07 04:27:32,643 [WARN] PackLoader:240 - Cannot read IP mode file for wolfSSL.I-CUBE-wolfSSL.5.5.3
2023-08-07 04:27:32,652 [WARN] PackLoader:240 - Cannot read IP mode file for STMicroelectronics.X-CUBE-NFC7.1.0.1
2023-08-07 04:27:32,661 [WARN] PackLoader:240 - Cannot read IP mode file for STMicroelectronics.X-CUBE-NFC7.1.0.0
2023-08-07 04:27:32,672 [WARN] PackLoader:240 - Cannot read IP mode file for STMicroelectronics.X-CUBE-EEPRMA1.4.1.0
2023-08-07 04:27:32,689 [WARN] ConditionMgr:438 - getConditionDescription Invalid condition id : LAN8742 Phy interface Condition cause : null
2023-08-07 04:27:32,689 [WARN] PackLoader:240 - Cannot read IP mode file for STMicroelectronics.X-CUBE-AZRTOS-L4.2.0.0
2023-08-07 04:27:32,690 [WARN] ConditionMgr:1039 - genDependencies : Invalid condition id : LAN8742 Phy interface Condition cause : null
2023-08-07 04:27:32,690 [WARN] ConditionMgr:1039 - genDependencies : Invalid condition id : LAN8742 Phy interface Condition cause : null
2023-08-07 04:27:32,690 [WARN] ConditionMgr:1039 - genDependencies : Invalid condition id : LAN8742 Phy interface Condition cause : null
2023-08-07 04:27:32,699 [WARN] PackLoader:240 - Cannot read IP mode file for STMicroelectronics.X-CUBE-SFXS2LP1.4.0.0
2023-08-07 04:27:32,718 [WARN] PackLoader:240 - Cannot read IP mode file for STMicroelectronics.X-CUBE-AZRTOS-H7.3.0.0
2023-08-07 04:27:32,726 [WARN] PackLoader:240 - Cannot read IP mode file for STMicroelectronics.X-CUBE-ISPU.1.1.0
2023-08-07 04:27:32,737 [WARN] PackLoader:240 - Cannot read IP mode file for RoweBots.I-CUBE-UNISONRTOS.5.5.0-4
2023-08-07 04:27:32,773 [WARN] PackLoader:240 - Cannot read IP mode file for STMicroelectronics.X-CUBE-AI.8.0.0
2023-08-07 04:27:32,784 [WARN] PackLoader:240 - Cannot read IP mode file for STMicroelectronics.X-CUBE-FREERTOS.1.0.0
2023-08-07 04:27:32,792 [WARN] PackLoader:240 - Cannot read IP mode file for STMicroelectronics.X-CUBE-FREERTOS.1.0.1
2023-08-07 04:27:32,814 [WARN] PackLoader:240 - Cannot read IP mode file for STMicroelectronics.X-CUBE-AZRTOS-L5.1.1.0
2023-08-07 04:27:32,824 [WARN] PackLoader:240 - Cannot read IP mode file for STMicroelectronics.X-CUBE-AI.8.0.1
2023-08-07 04:27:32,836 [WARN] PackLoader:240 - Cannot read IP mode file for STMicroelectronics.X-CUBE-SUBG2.5.0.0
2023-08-07 04:27:32,849 [WARN] PackLoader:240 - Cannot read IP mode file for STMicroelectronics.X-CUBE-TOF1.3.3.1
2023-08-07 04:27:32,868 [WARN] PackLoader:240 - Cannot read IP mode file for STMicroelectronics.X-CUBE-AZRTOS-G4.2.0.0
2023-08-07 04:27:32,880 [WARN] PackLoader:240 - Cannot read IP mode file for STMicroelectronics.X-CUBE-TOF1.3.3.0
2023-08-07 04:27:32,892 [WARN] PackLoader:240 - Cannot read IP mode file for STMicroelectronics.FP-ATR-ASTRA1.1.1.1
2023-08-07 04:27:32,906 [WARN] PackLoader:240 - Cannot read IP mode file for STMicroelectronics.X-CUBE-AZRTOS-G4.1.0.0
2023-08-07 04:27:32,922 [WARN] PackLoader:240 - Cannot read IP mode file for STMicroelectronics.X-CUBE-AZRTOS-L4.1.0.0
2023-08-07 04:27:32,936 [WARN] PackLoader:240 - Cannot read IP mode file for STMicroelectronics.X-CUBE-AZRTOS-WL.1.0.0
2023-08-07 04:27:32,946 [WARN] PackLoader:240 - Cannot read IP mode file for portGmbH.I-Cube-SoM-uGOAL.1.1.0
2023-08-07 04:27:32,983 [WARN] PackLoader:240 - Cannot read IP mode file for STMicroelectronics.X-CUBE-ALS.1.0.1
2023-08-07 04:27:32,999 [WARN] PackLoader:240 - Cannot read IP mode file for STMicroelectronics.X-CUBE-AZRTOS-WB.1.1.0
2023-08-07 04:27:33,017 [WARN] PackLoader:240 - Cannot read IP mode file for STMicroelectronics.X-CUBE-AZRTOS-L5.1.0.0
2023-08-07 04:27:33,026 [WARN] PackLoader:240 - Cannot read IP mode file for STMicroelectronics.X-CUBE-EEPRMA1.3.1.1
2023-08-07 04:27:33,033 [WARN] PackLoader:240 - Cannot read IP mode file for STMicroelectronics.FP-ATR-ASTRA1.2.0.0
2023-08-07 04:27:33,034 [INFO] ThirdParty:978 - Integrity check success = true
2023-08-07 04:27:33,034 [INFO] IntegrityCheckThread:100 - exiting critical section [integrity check]
2023-08-07 04:27:33,034 [INFO] IntegrityCheckThread:103 - End integrity checks thread
2023-08-07 04:27:58,966 [ERROR] LogOutputStream:75 - [STDERR_REDIRECT] SLF4J: Failed to load class "org.slf4j.impl.StaticLoggerBinder".
2023-08-07 04:27:58,967 [ERROR] LogOutputStream:75 - [STDERR_REDIRECT] SLF4J: Defaulting to no-operation (NOP) logger implementation
2023-08-07 04:27:58,967 [ERROR] LogOutputStream:75 - [STDERR_REDIRECT] SLF4J: See http://www.slf4j.org/codes.html#StaticLoggerBinder for further details.
2023-08-07 04:46:28,073 [ERROR] ConfigurationRetriever:142 - IOException on connection: Connect timed out
2023-08-07 04:46:30,075 [ERROR] ConfigurationRetriever:142 - IOException on connection: Connect timed out
2023-08-07 04:46:32,076 [ERROR] ConfigurationRetriever:142 - IOException on connection: Connect timed out
2023-08-07 05:29:27,258 [ERROR] ConfigurationRetriever:142 - IOException on connection: Read timed out
2023-08-07 05:29:30,649 [ERROR] AdobePublisher:162 - Exception while opening the connection: java.net.SocketTimeoutException: Connect timed out
2023-08-07 05:53:46,043 [ERROR] ConfigurationRetriever:142 - IOException on connection: Read timed out
2023-08-07 06:09:08,730 [ERROR] ConfigurationRetriever:142 - IOException on connection: Read timed out
2023-08-07 06:09:24,931 [ERROR] AdobePublisher:162 - Exception while opening the connection: java.net.SocketTimeoutException: Connect timed out
2023-08-07 06:09:26,932 [ERROR] AdobePublisher:162 - Exception while opening the connection: java.net.SocketTimeoutException: Connect timed out
2023-08-07 06:09:31,000 [ERROR] AdobePublisher:162 - Exception while opening the connection: java.net.SocketTimeoutException: Read timed out
2023-08-07 06:11:37,478 [ERROR] ConfigurationRetriever:142 - IOException on connection: Read timed out
2023-08-07 06:11:42,096 [ERROR] ConfigurationRetriever:142 - IOException on connection: Read timed out
2023-08-07 06:11:46,790 [ERROR] ConfigurationRetriever:142 - IOException on connection: Read timed out
2023-08-07 06:12:09,932 [ERROR] AdobePublisher:162 - Exception while opening the connection: java.net.SocketTimeoutException: Connect timed out
2023-08-07 06:15:10,076 [ERROR] ConfigurationRetriever:142 - IOException on connection: Read timed out
2023-08-07 06:15:15,267 [ERROR] AdobePublisher:162 - Exception while opening the connection: java.net.SocketTimeoutException: Read timed out
2023-08-07 06:17:21,701 [ERROR] AdobePublisher:162 - Exception while opening the connection: java.net.SocketTimeoutException: Read timed out
2023-08-07 06:58:24,686 [ERROR] ConfigurationRetriever:142 - IOException on connection: Read timed out
2023-08-07 06:58:27,394 [ERROR] AdobePublisher:162 - Exception while opening the connection: java.net.SocketTimeoutException: Connect timed out
2023-08-07 06:58:32,270 [ERROR] AdobePublisher:162 - Exception while opening the connection: java.net.SocketTimeoutException: Read timed out
2023-08-07 06:58:34,271 [ERROR] AdobePublisher:162 - Exception while opening the connection: java.net.SocketTimeoutException: Connect timed out
2023-08-07 06:58:36,273 [ERROR] AdobePublisher:162 - Exception while opening the connection: java.net.SocketTimeoutException: Connect timed out
2023-08-07 06:58:38,630 [ERROR] AdobePublisher:162 - Exception while opening the connection: java.net.SocketTimeoutException: Read timed out
2023-08-07 07:00:46,749 [ERROR] ConfigurationRetriever:142 - IOException on connection: Connect timed out
2023-08-07 07:05:38,724 [ERROR] ConfigurationRetriever:142 - IOException on connection: Connect timed out
2023-08-07 07:05:40,726 [ERROR] ConfigurationRetriever:142 - IOException on connection: Connect timed out
2023-08-07 07:05:42,728 [ERROR] ConfigurationRetriever:142 - IOException on connection: Connect timed out
2023-08-07 07:07:19,963 [ERROR] ConfigurationRetriever:142 - IOException on connection: Read timed out
2023-08-07 07:07:22,726 [ERROR] ConfigurationRetriever:142 - IOException on connection: Read timed out
2023-08-07 07:07:27,923 [ERROR] AdobePublisher:162 - Exception while opening the connection: java.net.SocketTimeoutException: Read timed out
2023-08-07 07:07:42,745 [ERROR] ConfigurationRetriever:142 - IOException on connection: Read timed out
2023-08-07 07:13:20,540 [ERROR] ConfigurationRetriever:142 - IOException on connection: Read timed out
2023-08-07 07:13:24,148 [ERROR] ConfigurationRetriever:142 - IOException on connection: Read timed out
2023-08-07 07:13:56,453 [ERROR] ConfigurationRetriever:142 - IOException on connection: Read timed out
2023-08-07 07:13:58,455 [ERROR] ConfigurationRetriever:142 - IOException on connection: Connect timed out
2023-08-07 07:14:00,456 [ERROR] ConfigurationRetriever:142 - IOException on connection: Connect timed out
2023-08-07 07:19:22,526 [ERROR] ConfigurationRetriever:142 - IOException on connection: Connect timed out
2023-08-07 07:20:13,361 [ERROR] ConfigurationRetriever:142 - IOException on connection: Read timed out
2023-08-07 07:20:17,470 [ERROR] AdobePublisher:162 - Exception while opening the connection: java.net.SocketTimeoutException: Connect timed out
2023-08-07 07:20:19,470 [ERROR] AdobePublisher:162 - Exception while opening the connection: java.net.SocketTimeoutException: Connect timed out
2023-08-07 07:20:21,471 [ERROR] AdobePublisher:162 - Exception while opening the connection: java.net.SocketTimeoutException: Connect timed out
2023-08-07 07:20:23,473 [ERROR] AdobePublisher:162 - Exception while opening the connection: java.net.SocketTimeoutException: Connect timed out
2023-08-07 07:20:25,475 [ERROR] AdobePublisher:162 - Exception while opening the connection: java.net.SocketTimeoutException: Connect timed out
2023-08-07 07:24:16,915 [ERROR] ConfigurationRetriever:142 - IOException on connection: Connect timed out
2023-08-07 07:24:22,757 [ERROR] ConfigurationRetriever:142 - IOException on connection: Connect timed out
2023-08-07 07:25:02,808 [ERROR] ConfigurationRetriever:142 - IOException on connection: Read timed out
2023-08-07 07:25:04,810 [ERROR] ConfigurationRetriever:142 - IOException on connection: Connect timed out
2023-08-07 07:25:06,811 [ERROR] ConfigurationRetriever:142 - IOException on connection: Connect timed out
2023-08-07 07:29:31,826 [ERROR] AdobePublisher:162 - Exception while opening the connection: java.net.SocketTimeoutException: Connect timed out
2023-08-07 07:29:33,827 [ERROR] AdobePublisher:162 - Exception while opening the connection: java.net.SocketTimeoutException: Connect timed out
2023-08-07 08:42:27,049 [ERROR] ConfigurationRetriever:142 - IOException on connection: Read timed out
2023-08-07 08:42:31,741 [ERROR] AdobePublisher:162 - Exception while opening the connection: java.net.SocketTimeoutException: Connect timed out
2023-08-07 08:42:33,741 [ERROR] AdobePublisher:162 - Exception while opening the connection: java.net.SocketTimeoutException: Connect timed out
2023-08-07 08:42:35,742 [ERROR] AdobePublisher:162 - Exception while opening the connection: java.net.SocketTimeoutException: Connect timed out
2023-08-07 08:42:37,743 [ERROR] AdobePublisher:162 - Exception while opening the connection: java.net.SocketTimeoutException: Connect timed out
2023-08-07 08:42:39,744 [ERROR] AdobePublisher:162 - Exception while opening the connection: java.net.SocketTimeoutException: Connect timed out
2023-08-07 08:53:55,920 [INFO] McuFinderGlobals:63 - Set McuFinder mode to 2 (CubeIDE integrated)
2023-08-07 08:53:55,944 [INFO] MainUpdater:2868 - connection check result : 10
2023-08-07 08:53:56,101 [INFO] MicroXplorer:468 - Change Database Path : 
2023-08-07 08:53:56,101 [INFO] MicroXplorer:498 - Change Database Version : DB.6.0.90
2023-08-07 08:53:56,103 [WARN] ThirdParty:871 - waiting for thirdparty lock release [close project]
2023-08-07 08:53:56,103 [INFO] ThirdParty:873 - entering critical section [close project]
2023-08-07 08:53:56,114 [INFO] ThirdParty:883 - exiting critical section [close project]
2023-08-07 08:53:56,115 [INFO] PinOutPanel:1499 - setPackage(No Configuration,No Configuration)
2023-08-07 08:53:56,120 [INFO] UtilMem:75 - Begin LoadConfig() Used Memory: 363794984 Bytes (507510784)
2023-08-07 08:53:56,121 [INFO] MicroXplorer:468 - Change Database Path : 
2023-08-07 08:53:56,121 [INFO] MicroXplorer:498 - Change Database Version : DB.6.0.90
2023-08-07 08:53:56,121 [INFO] OpenFileManager:308 - Change cursor
2023-08-07 08:53:56,151 [INFO] Mcu:1946 - Initializing MCU STM32F103C(8-B)Tx STM32F103CBTx STM32F103CBT6
2023-08-07 08:53:56,706 [INFO] Context:659 - Trying to add GPIOservice into a context  which must be forbidden
2023-08-07 08:53:57,019 [INFO] RtosManager:555 - Registered RTOS mode: class=CMSIS, group=RTOS, mode=CMSIS_V1, owner=FREERTOS
2023-08-07 08:53:57,019 [INFO] RtosManager:555 - Registered RTOS mode: class=CMSIS, group=RTOS2, mode=CMSIS_V2, owner=FREERTOS
2023-08-07 08:53:57,019 [INFO] RtosManager:555 - Registered RTOS mode: class=RTOS, group=Core, mode=CMSIS_V1, owner=FREERTOS
2023-08-07 08:53:57,019 [INFO] RtosManager:555 - Registered RTOS mode: class=RTOS, group=Core, mode=CMSIS_V2, owner=FREERTOS
2023-08-07 08:53:57,020 [WARN] ModelIntegratedComponent:184 - Missing modes for component STMicroelectronics:FreeRTOS:0.0.1:STMicroelectronics:RTOS:FreeRTOS:Core:::10.2.0:
2023-08-07 08:53:57,028 [WARN] ModelIntegratedComponent:63 - No mode defined for component null
2023-08-07 08:53:57,028 [WARN] ModelIntegratedComponent:63 - No mode defined for component null
2023-08-07 08:53:57,028 [WARN] ModelIntegratedComponent:63 - No mode defined for component null
2023-08-07 08:53:57,028 [WARN] ModelIntegratedComponent:63 - No mode defined for component null
2023-08-07 08:53:57,028 [WARN] ModelIntegratedComponent:63 - No mode defined for component null
2023-08-07 08:53:57,028 [WARN] ModelIntegratedComponent:63 - No mode defined for component null
2023-08-07 08:53:57,028 [WARN] ModelIntegratedComponent:63 - No mode defined for component null
2023-08-07 08:53:57,029 [WARN] ModelIntegratedComponent:63 - No mode defined for component null
2023-08-07 08:53:57,029 [WARN] ModelIntegratedComponent:63 - No mode defined for component null
2023-08-07 08:53:57,029 [WARN] ModelIntegratedComponent:63 - No mode defined for component null
2023-08-07 08:53:57,029 [WARN] ModelIntegratedComponent:63 - No mode defined for component null
2023-08-07 08:53:57,029 [WARN] ModelIntegratedComponent:63 - No mode defined for component null
2023-08-07 08:53:57,029 [WARN] ModelIntegratedComponent:63 - No mode defined for component null
2023-08-07 08:53:57,029 [WARN] ModelIntegratedComponent:63 - No mode defined for component null
2023-08-07 08:53:57,029 [WARN] ModelIntegratedComponent:63 - No mode defined for component null
2023-08-07 08:53:57,029 [WARN] ModelIntegratedComponent:63 - No mode defined for component null
2023-08-07 08:53:57,029 [WARN] ModelIntegratedComponent:63 - No mode defined for component null
2023-08-07 08:53:57,029 [WARN] ModelIntegratedComponent:63 - No mode defined for component null
2023-08-07 08:53:57,029 [WARN] ModelIntegratedComponent:63 - No mode defined for component null
2023-08-07 08:53:57,029 [WARN] ModelIntegratedComponent:63 - No mode defined for component null
2023-08-07 08:53:57,029 [WARN] ModelIntegratedComponent:63 - No mode defined for component null
2023-08-07 08:53:57,029 [WARN] ModelIntegratedComponent:63 - No mode defined for component null
2023-08-07 08:53:57,029 [WARN] ModelIntegratedComponent:63 - No mode defined for component null
2023-08-07 08:53:57,029 [WARN] ModelIntegratedComponent:63 - No mode defined for component null
2023-08-07 08:53:57,029 [WARN] ModelIntegratedComponent:63 - No mode defined for component null
2023-08-07 08:53:57,029 [WARN] ModelIntegratedComponent:63 - No mode defined for component null
2023-08-07 08:53:57,029 [WARN] ModelIntegratedComponent:63 - No mode defined for component null
2023-08-07 08:53:57,029 [WARN] ModelIntegratedComponent:63 - No mode defined for component null
2023-08-07 08:53:57,029 [WARN] ModelIntegratedComponent:63 - No mode defined for component null
2023-08-07 08:53:57,029 [WARN] ModelIntegratedComponent:63 - No mode defined for component null
2023-08-07 08:53:57,029 [WARN] ModelIntegratedComponent:63 - No mode defined for component null
2023-08-07 08:53:57,029 [WARN] ModelIntegratedComponent:63 - No mode defined for component null
2023-08-07 08:53:57,029 [WARN] ModelIntegratedComponent:63 - No mode defined for component null
2023-08-07 08:53:57,152 [INFO] ThirdPartyModel:298 - Start build external matchings
2023-08-07 08:53:58,037 [INFO] ThirdPartyModel:316 - End build external matchings
2023-08-07 08:53:58,056 [WARN] IP:2114 - I2C_Coeff_DF not found: check if there is a RefParameter without a condition.
2023-08-07 08:53:58,056 [WARN] IP:2114 - Analog_Filter not found: check if there is a RefParameter without a condition.
2023-08-07 08:53:58,056 [INFO] ImportTextPane:194 - (OptionalMessage_ERROR) IP (RCC) : Invalid parameter (FamilyName)
2023-08-07 08:53:58,057 [INFO] ImportTextPane:194 - (OptionalMessage_ERROR) IP (RCC) : Parameter (USBFreq_Value) has invalid value (32000000)
2023-08-07 08:53:58,210 [INFO] UtilMem:75 - End LoadConfig() Used Memory: 263814848 Bytes (507510784)
2023-08-07 08:53:58,305 [INFO] ApiDb:581 - Connected to CubeFinder SQLite database (C:\Users\Amir Sharif\.stmcufinder\plugins\mcufinder\mcu\cube-finder-db.db)
2023-08-07 08:53:58,374 [INFO] ApiDb:668 - CubeFinder database Data Model version=2.1
2023-08-07 08:53:58,374 [INFO] ApiDb:669 - CubeFinder database Configuration version=3.0.37
2023-08-07 08:53:58,376 [INFO] ApiDb:670 - CubeFinder database generation date=2023-07-31 (1690792719)
2023-08-07 08:53:58,376 [INFO] ApiDb:671 - CubeFinder database FW Pack versions=[FP-ATR-ASTRA1_V2.0.0, FP-SNS-FLIGHT1_V5.0.1, FP-SNS-FLIGHT1_V5.0.2, FP-SNS-MOTENV1_V4.3.1, FP-SNS-MOTENV1_V4.3.2, STM32Cube_FW_C0_V1.1.0, STM32Cube_FW_F4_V1.27.1, STM32Cube_FW_F7_V1.17.0, STM32Cube_FW_G0_V1.6.1, STM32Cube_FW_G4_V1.5.1, STM32Cube_FW_H5_V0.5.1, STM32Cube_FW_H5_V1.1.0, STM32Cube_FW_H7_V1.11.0, STM32Cube_FW_L0_V1.12.2, STM32Cube_FW_L5_V1.5.0, STM32Cube_FW_U5_V1.3.0, STM32Cube_FW_U5_V1.3.0RC4, STM32Cube_FW_WBA_V1.0.0RC1, STM32Cube_FW_WBA_V1.1.0, STM32Cube_FW_WBA_V1.1.0RC1, STM32Cube_FW_WB_V1.15.0RC1, STM32Cube_FW_WB_V1.16.0, STM32Cube_FW_WB_V1.16.0RC2, STM32Cube_FW_WB_V1.17.0, STM32Cube_FW_WL_V1.3.0, X-CUBE-ALGOBUILD_V1.3.0, X-CUBE-ALS_V1.0.1, X-CUBE-AZRTOS-F4_V1.1.0, X-CUBE-AZRTOS-F7_V1.1.0, X-CUBE-AZRTOS-G0_V1.1.0, X-CUBE-AZRTOS-G4_V2.0.0, X-CUBE-AZRTOS-H7_V3.1.0, X-CUBE-AZRTOS-L4_V1.0.0, X-CUBE-AZRTOS-L4_V2.0.0, X-CUBE-AZRTOS-L5_V1.1.0, X-CUBE-AZRTOS-WB_V1.1.0, X-CUBE-AZRTOS-WL_V2.0.0, X-CUBE-BLE1_V6.2.4, X-CUBE-BLE2_V3.3.0, X-CUBE-BLEMGR_V2.0.0, X-CUBE-EEPRMA1_V4.1.0, X-CUBE-FREERTOS_V1.0.1, X-CUBE-GNSS1_V6.0.0, X-CUBE-MEMS1_V9.1.0, X-CUBE-MEMS1_V9.4.0, X-CUBE-MEMS1_V9.6.0, X-CUBE-NFC4_V3.0.0, X-CUBE-NFC7_V1.0.0, X-CUBE-SFXS2LP1_V4.0.0, X-CUBE-SUBG2_V5.0.0]
2023-08-07 08:54:00,422 [INFO] ApiDb:240 - Found 323 in-development CPN: [B-G473E-ZEST1S, B-WB1M-WPAN1, B-WL5M-SUBG1, NUCLEO-C031C6, NUCLEO-H503RB, NUCLEO-H563ZI, NUCLEO-U545RE-Q, NUCLEO-U5A5ZJ-Q, NUCLEO-WBA52CG, STEVAL-PROTEUS1, STEVAL-SMARTAG2, STEVAL-STWINBX1, STM320518-EVAL, STM32C0116-DK, STM32C011D6Y3TR, STM32C011D6Y6TR, STM32C011F4P3, STM32C011F4P6, STM32C011F4U3, STM32C011F4U6TR, STM32C011F6P3, STM32C011F6P6, STM32C011F6U3, STM32C011F6U6TR, STM32C011J4M3, STM32C011J4M6, STM32C011J6M3, STM32C011J6M6, STM32C0316-DK, STM32C031C4T3, STM32C031C4T6, STM32C031C4U3, STM32C031C4U6, STM32C031C6T3, STM32C031C6T6, STM32C031C6U3, STM32C031C6U6, STM32C031F4P3, STM32C031F4P6, STM32C031F6P3, STM32C031F6P6, STM32C031G4U3, STM32C031G4U6, STM32C031G6U3, STM32C031G6U6, STM32C031K4T3, STM32C031K4T6, STM32C031K4U3, STM32C031K4U6, STM32C031K6T3, STM32C031K6T6, STM32C031K6U3, STM32C031K6U6, STM32G071K8TXN, STM32G071K8UXN, STM32G081GBU6N, STM32G081KBT6N, STM32G081KBUXN, STM32G0B1CCT6N, STM32G0B1KCT6, STM32G0B1NEY6TR, STM32G0B1RCT6N, STM32G0C1CCT6, STM32G0C1CCT6N, STM32G0C1CCU6N, STM32G0C1CET6N, STM32G0C1CEU6N, STM32G0C1KCT6, STM32G0C1NEY6TR, STM32G0C1RCI6N, STM32G0C1RCT6N, STM32G0C1REI6N, STM32G0C1RET6N, STM32G0C1VCI6, STM32G0C1VEI6, STM32G471CCT6, STM32G471CCU6, STM32G471CET3, STM32G471CET6, STM32G471CEU3, STM32G471CEU6, STM32G471MCT6, STM32G471MET3, STM32G471MET6, STM32G471MEY6TR, STM32G471QCT6, STM32G471QET3, STM32G471RCT6, STM32G471RET3, STM32G471RET6, STM32G471VCH6, STM32G471VCI6, STM32G471VCT6, STM32G471VEH3, STM32G471VEH6, STM32G471VEI3, STM32G471VEI6, STM32G471VET3, STM32G471VET6, STM32G474CCT6, STM32H503CBT6, STM32H503CBU6, STM32H503EBY6TR, STM32H503KBU6, STM32H503RBT6, STM32H562AGI6, STM32H562AII6, STM32H562IGK6, STM32H562IGT6, STM32H562IIK6, STM32H562IIT6, STM32H562RGT6, STM32H562RGV6, STM32H562RIT6, STM32H562RIV6, STM32H562VGT6, STM32H562VIT6, STM32H562ZGT6, STM32H562ZIT6, STM32H563AGI6, STM32H563AII3Q, STM32H563AII6, STM32H563IGK6, STM32H563IGT6, STM32H563IIK3Q, STM32H563IIK6, STM32H563IIT3Q, STM32H563IIT6, STM32H563MIY3QTR, STM32H563RGT6, STM32H563RGV6, STM32H563RIT6, STM32H563RIV6, STM32H563VGT6, STM32H563VIT3Q, STM32H563VIT6, STM32H563ZGT6, STM32H563ZIT3Q, STM32H563ZIT6, STM32H573AII3Q, STM32H573AII6, STM32H573I-DK, STM32H573IIK3Q, STM32H573IIK6, STM32H573IIT3Q, STM32H573IIT6, STM32H573MIY3QTR, STM32H573RIT6, STM32H573RIV6, STM32H573VIT3Q, STM32H573VIT6, STM32H573ZIT3Q, STM32H573ZIT6, STM32L4R5QGI6STR, STM32MP131AAE3, STM32MP131AAF3, STM32MP131AAG3, STM32MP131CAE3, STM32MP131CAF3, STM32MP131CAG3, STM32MP131DAE7, STM32MP131DAF7, STM32MP131DAG7, STM32MP131FAE7, STM32MP131FAF7, STM32MP131FAG7, STM32MP133AAE3, STM32MP133AAF3, STM32MP133AAG3, STM32MP133CAE3, STM32MP133CAF3, STM32MP133CAG3, STM32MP133DAE7, STM32MP133DAF7, STM32MP133DAG7, STM32MP133FAE7, STM32MP133FAF7, STM32MP133FAG7, STM32MP135AAE3, STM32MP135AAF3, STM32MP135AAG3, STM32MP135CAE3, STM32MP135CAF3, STM32MP135CAG3, STM32MP135DAE7, STM32MP135DAF7, STM32MP135DAG7, STM32MP135F-DK, STM32MP135FAE7, STM32MP135FAF7, STM32MP135FAF7T, STM32MP135FAF7U, STM32MP135FAG7, STM32U535CBT6, STM32U535CBT6Q, STM32U535CBU6, STM32U535CBU6Q, STM32U535CCT6, STM32U535CCT6Q, STM32U535CCU6, STM32U535CCU6Q, STM32U535CET6, STM32U535CET6Q, STM32U535CEU6, STM32U535CEU6Q, STM32U535JEY6QTR, STM32U535NCY6QTR, STM32U535NEY6QTR, STM32U535RBI6, STM32U535RBI6Q, STM32U535RBT6, STM32U535RBT6Q, STM32U535RCI6, STM32U535RCI6Q, STM32U535RCT6, STM32U535RCT6Q, STM32U535REI6, STM32U535REI6Q, STM32U535RET6, STM32U535RET6Q, STM32U535VCI6, STM32U535VCI6Q, STM32U535VCT6, STM32U535VCT6Q, STM32U535VEI6, STM32U535VEI6Q, STM32U535VET6, STM32U535VET6Q, STM32U545CET6, STM32U545CET6Q, STM32U545CEU6, STM32U545CEU6Q, STM32U545JEY6QTR, STM32U545NEY6QTR, STM32U545REI6, STM32U545REI6Q, STM32U545RET6, STM32U545RET6Q, STM32U545VEI6, STM32U545VEI6Q, STM32U545VET6, STM32U545VET6Q, STM32U595AIH6, STM32U595AIH6Q, STM32U595AJH6, STM32U595AJH6Q, STM32U595QII6, STM32U595QII6Q, STM32U595QJI6, STM32U595QJI6Q, STM32U595RIT6, STM32U595RIT6Q, STM32U595RJT6, STM32U595RJT6Q, STM32U595VIT6, STM32U595VIT6Q, STM32U595VJT6, STM32U595VJT6Q, STM32U595ZIT6, STM32U595ZIT6Q, STM32U595ZIY6QTR, STM32U595ZJT6, STM32U595ZJT6Q, STM32U595ZJY6QTR, STM32U599BJY6QTR, STM32U599NIH6Q, STM32U599NJH6Q, STM32U599VIT6Q, STM32U599VJT6, STM32U599VJT6Q, STM32U599ZIT6Q, STM32U599ZIY6QTR, STM32U599ZJT6Q, STM32U599ZJY6QTR, STM32U5A5AJH6, STM32U5A5AJH6Q, STM32U5A5QJI6, STM32U5A5QJI6Q, STM32U5A5RJT6, STM32U5A5RJT6Q, STM32U5A5VJT6, STM32U5A5VJT6Q, STM32U5A5ZJT6, STM32U5A5ZJT6Q, STM32U5A5ZJY6QTR, STM32U5A9BJY6QTR, STM32U5A9J-DK, STM32U5A9NJH6Q, STM32U5A9VJT6Q, STM32U5A9ZJT6Q, STM32U5A9ZJY6QTR, STM32U5F7VIT6, STM32U5F7VIT6Q, STM32U5F7VJT6, STM32U5F7VJT6Q, STM32U5F9BJY6QTR, STM32U5F9NJH6Q, STM32U5F9VIT6Q, STM32U5F9VJT6Q, STM32U5F9ZIJ6QTR, STM32U5F9ZIT6Q, STM32U5F9ZJJ6QTR, STM32U5F9ZJT6Q, STM32U5G7VJT6, STM32U5G7VJT6Q, STM32U5G9BJY6QTR, STM32U5G9J-DK1, STM32U5G9J-DK2, STM32U5G9NJH6Q, STM32U5G9VJT6Q, STM32U5G9ZJJ6QTR, STM32U5G9ZJT6Q, STM32WB1MMCH6, STM32WBA52CEU6, STM32WBA52CEU6T, STM32WBA52CGU6, STM32WBA52CGU6T, STM32WBA52KEU6, STM32WBA52KEU6T, STM32WBA52KGU6, STM32WBA52KGU6T, STM32WL5MOCH6, STM32WL5MOCH6TR]
2023-08-07 08:54:00,425 [INFO] DbMcus:217 - Found 3848 MCUs, 3848 are supported
2023-08-07 08:54:00,429 [INFO] ApiDb:423 - Load user favorites file C:\Users\Amir Sharif/.stm32cubeide/favorites.mcus.txt: 2 item(s)
2023-08-07 08:54:00,430 [INFO] ApiDb:427 - User favorites MCUs=[STM32F103C8T6, STM32F103CBT6]
2023-08-07 08:54:00,430 [INFO] DbMcus:223 - Set 2 / 2 favorites MCUs
2023-08-07 08:54:00,705 [WARN] ThirdParty:833 - waiting for thirdparty lock release [change project]
2023-08-07 08:54:00,705 [INFO] ThirdParty:835 - entering critical section [change project]
2023-08-07 08:54:00,705 [INFO] ThirdParty:1030 - CMSIS Pack Vendor :STMicroelectronics X-CUBE-ISPU 1.1.0
2023-08-07 08:54:00,705 [INFO] ThirdParty:1030 - CMSIS Pack Vendor :STMicroelectronics USBPD 4.1
2023-08-07 08:54:00,705 [INFO] ThirdParty:1030 - CMSIS Pack Vendor :RoweBots I-CUBE-UNISONRTOS 5.5.0-4
2023-08-07 08:54:00,705 [INFO] ThirdParty:1030 - CMSIS Pack Vendor :STMicroelectronics X-CUBE-GNSS1 6.0.0
2023-08-07 08:54:00,705 [INFO] ThirdParty:1030 - CMSIS Pack Vendor :STMicroelectronics X-CUBE-AZRTOS-H7 2.1.0
2023-08-07 08:54:00,705 [INFO] ThirdParty:1030 - CMSIS Pack Vendor :STMicroelectronics USB_HOST 2.0.0
2023-08-07 08:54:00,705 [INFO] ThirdParty:1030 - CMSIS Pack Vendor :STMicroelectronics X-CUBE-AZRTOS-F4 1.1.0
2023-08-07 08:54:00,705 [INFO] ThirdParty:1030 - CMSIS Pack Vendor :STMicroelectronics LIBJPEG 8.0.0
2023-08-07 08:54:00,705 [INFO] ThirdParty:1030 - CMSIS Pack Vendor :wolfSSL I-CUBE-wolfSSL 5.6.3
2023-08-07 08:54:00,706 [INFO] ThirdParty:1030 - CMSIS Pack Vendor :STMicroelectronics X-CUBE-SMBUS 2.1.0
2023-08-07 08:54:00,706 [INFO] ThirdParty:1030 - CMSIS Pack Vendor :wolfSSL I-CUBE-wolfSSL 5.6.0
2023-08-07 08:54:00,706 [INFO] ThirdParty:1030 - CMSIS Pack Vendor :STMicroelectronics USB_DEVICE 3.0.0
2023-08-07 08:54:00,706 [INFO] ThirdParty:1030 - CMSIS Pack Vendor :STMicroelectronics X-CUBE-AI 8.0.0
2023-08-07 08:54:00,706 [INFO] ThirdParty:1030 - CMSIS Pack Vendor :STMicroelectronics X-CUBE-FREERTOS 1.0.0
2023-08-07 08:54:00,706 [INFO] ThirdParty:1030 - CMSIS Pack Vendor :STMicroelectronics X-CUBE-FREERTOS 1.0.1
2023-08-07 08:54:00,706 [INFO] ThirdParty:1030 - CMSIS Pack Vendor :STMicroelectronics X-CUBE-TOUCHGFX 4.21.1
2023-08-07 08:54:00,706 [INFO] ThirdParty:1030 - CMSIS Pack Vendor :STMicroelectronics X-CUBE-TOUCHGFX 4.21.0
2023-08-07 08:54:00,706 [INFO] ThirdParty:1030 - CMSIS Pack Vendor :STMicroelectronics X-CUBE-TOUCHGFX 4.21.3
2023-08-07 08:54:00,706 [INFO] ThirdParty:1030 - CMSIS Pack Vendor :STMicroelectronics X-CUBE-BLEMGR 1.2.0
2023-08-07 08:54:00,706 [INFO] ThirdParty:1030 - CMSIS Pack Vendor :STMicroelectronics X-CUBE-AZRTOS-F7 1.1.0
2023-08-07 08:54:00,706 [INFO] ThirdParty:1030 - CMSIS Pack Vendor :STMicroelectronics X-CUBE-TOUCHGFX 4.21.4
2023-08-07 08:54:00,706 [INFO] ThirdParty:1030 - CMSIS Pack Vendor :STMicroelectronics X-CUBE-MEMS1 9.4.0
2023-08-07 08:54:00,706 [INFO] ThirdParty:1030 - CMSIS Pack Vendor :STMicroelectronics USB_DEVICE 2.0.0
2023-08-07 08:54:00,706 [INFO] ThirdParty:1030 - CMSIS Pack Vendor :STMicroelectronics X-CUBE-AI 7.3.0
2023-08-07 08:54:00,706 [INFO] ThirdParty:1030 - CMSIS Pack Vendor :STMicroelectronics X-CUBE-MEMS1 9.6.0
2023-08-07 08:54:00,706 [INFO] ThirdParty:1030 - CMSIS Pack Vendor :STMicroelectronics FP-SNS-MOTENV1 4.3.2
2023-08-07 08:54:00,706 [INFO] ThirdParty:1030 - CMSIS Pack Vendor :STMicroelectronics FP-SNS-MOTENV1 4.3.1
2023-08-07 08:54:00,706 [INFO] ThirdParty:1030 - CMSIS Pack Vendor :STMicroelectronics FP-SNS-FLIGHT1 5.0.1
2023-08-07 08:54:00,706 [INFO] ThirdParty:1030 - CMSIS Pack Vendor :STMicroelectronics X-CUBE-BLE1 6.2.3
2023-08-07 08:54:00,706 [INFO] ThirdParty:1030 - CMSIS Pack Vendor :STMicroelectronics X-CUBE-ALGOBUILD 1.3.0
2023-08-07 08:54:00,706 [INFO] ThirdParty:1030 - CMSIS Pack Vendor :STMicroelectronics X-CUBE-BLE1 6.2.4
2023-08-07 08:54:00,706 [INFO] ThirdParty:1030 - CMSIS Pack Vendor :STMicroelectronics X-CUBE-AZRTOS-L5 1.1.0
2023-08-07 08:54:00,706 [INFO] ThirdParty:1030 - CMSIS Pack Vendor :STMicroelectronics FreeRTOS 0.0.1
2023-08-07 08:54:00,706 [INFO] ThirdParty:1030 - CMSIS Pack Vendor :STMicroelectronics X-CUBE-AZRTOS-G0 1.1.0
2023-08-07 08:54:00,706 [INFO] ThirdParty:1030 - CMSIS Pack Vendor :emotas I-CUBE-CANOPEN 1.1.3
2023-08-07 08:54:00,706 [INFO] ThirdParty:1030 - CMSIS Pack Vendor :STMicroelectronics X-CUBE-BLEMGR 2.0.0
2023-08-07 08:54:00,706 [INFO] ThirdParty:1030 - CMSIS Pack Vendor :STMicroelectronics X-CUBE-AI 8.0.1
2023-08-07 08:54:00,706 [INFO] ThirdParty:1030 - CMSIS Pack Vendor :STMicroelectronics X-CUBE-NFC4 3.0.0
2023-08-07 08:54:00,706 [INFO] ThirdParty:1030 - CMSIS Pack Vendor :STMicroelectronics X-CUBE-SUBG2 5.0.0
2023-08-07 08:54:00,706 [INFO] ThirdParty:1030 - CMSIS Pack Vendor :STMicroelectronics STM32_WPAN 1.0.0
2023-08-07 08:54:00,706 [INFO] ThirdParty:1030 - CMSIS Pack Vendor :SEGGER I-CUBE-embOS 1.2.1
2023-08-07 08:54:00,706 [INFO] ThirdParty:1030 - CMSIS Pack Vendor :STMicroelectronics lwIP 2.0.3
2023-08-07 08:54:00,706 [INFO] ThirdParty:1030 - CMSIS Pack Vendor :STMicroelectronics FP-SNS-FLIGHT1 5.0.2
2023-08-07 08:54:00,707 [INFO] ThirdParty:1030 - CMSIS Pack Vendor :STMicroelectronics X-CUBE-NFC4 2.0.5
2023-08-07 08:54:00,707 [INFO] ThirdParty:1030 - CMSIS Pack Vendor :STMicroelectronics X-CUBE-NFC4 2.0.4
2023-08-07 08:54:00,707 [INFO] ThirdParty:1030 - CMSIS Pack Vendor :STMicroelectronics USB_HOST 1.0.0
2023-08-07 08:54:00,707 [INFO] ThirdParty:1030 - CMSIS Pack Vendor :STMicroelectronics X-CUBE-TOF1 3.3.1
2023-08-07 08:54:00,707 [INFO] ThirdParty:1030 - CMSIS Pack Vendor :STMicroelectronics X-CUBE-AZRTOS-G4 2.0.0
2023-08-07 08:54:00,707 [INFO] ThirdParty:1030 - CMSIS Pack Vendor :STMicroelectronics PDM2PCM 3.1.0
2023-08-07 08:54:00,707 [INFO] ThirdParty:1030 - CMSIS Pack Vendor :STMicroelectronics X-CUBE-AZRTOS-H7 3.1.0
2023-08-07 08:54:00,707 [INFO] ThirdParty:1030 - CMSIS Pack Vendor :STMicroelectronics X-CUBE-TOF1 3.3.0
2023-08-07 08:54:00,707 [INFO] ThirdParty:1030 - CMSIS Pack Vendor :STMicroelectronics FP-ATR-ASTRA1 1.1.1
2023-08-07 08:54:00,707 [INFO] ThirdParty:1030 - CMSIS Pack Vendor :STMicroelectronics PDM2PCM 3.3.0
2023-08-07 08:54:00,707 [INFO] ThirdParty:1030 - CMSIS Pack Vendor :STMicroelectronics X-CUBE-DISPLAY 3.0.0
2023-08-07 08:54:00,707 [INFO] ThirdParty:1030 - CMSIS Pack Vendor :STMicroelectronics X-CUBE-BLEMGR 1.3.0
2023-08-07 08:54:00,707 [INFO] ThirdParty:1030 - CMSIS Pack Vendor :wolfSSL I-CUBE-wolfSSL 5.5.3
2023-08-07 08:54:00,707 [INFO] ThirdParty:1030 - CMSIS Pack Vendor :STMicroelectronics FP-ATR-SIGFOX1 3.2.0
2023-08-07 08:54:00,707 [INFO] ThirdParty:1030 - CMSIS Pack Vendor :STMicroelectronics X-CUBE-AZRTOS-G4 1.0.0
2023-08-07 08:54:00,707 [INFO] ThirdParty:1030 - CMSIS Pack Vendor :STMicroelectronics X-CUBE-AZRTOS-L4 1.0.0
2023-08-07 08:54:00,707 [INFO] ThirdParty:1030 - CMSIS Pack Vendor :STMicroelectronics HAL Drivers 0.0.0
2023-08-07 08:54:00,707 [INFO] ThirdParty:1030 - CMSIS Pack Vendor :STMicroelectronics MBEDTLS 2.16.2
2023-08-07 08:54:00,707 [INFO] ThirdParty:1030 - CMSIS Pack Vendor :emotas I-CUBE-CANOPEN 1.3.0
2023-08-07 08:54:00,707 [INFO] ThirdParty:1030 - CMSIS Pack Vendor :STMicroelectronics X-CUBE-TOUCHGFX 4.20.0
2023-08-07 08:54:00,707 [INFO] ThirdParty:1030 - CMSIS Pack Vendor :STMicroelectronics X-CUBE-TOUCHGFX 4.22.0
2023-08-07 08:54:00,707 [INFO] ThirdParty:1030 - CMSIS Pack Vendor :STMicroelectronics X-CUBE-NFC7 1.0.1
2023-08-07 08:54:00,707 [INFO] ThirdParty:1030 - CMSIS Pack Vendor :STMicroelectronics MBEDTLS 2.14.1
2023-08-07 08:54:00,707 [INFO] ThirdParty:1030 - CMSIS Pack Vendor :STMicroelectronics X-CUBE-NFC7 1.0.0
2023-08-07 08:54:00,707 [INFO] ThirdParty:1030 - CMSIS Pack Vendor :STMicroelectronics X-CUBE-AZRTOS-WL 1.0.0
2023-08-07 08:54:00,707 [INFO] ThirdParty:1030 - CMSIS Pack Vendor :STMicroelectronics X-CUBE-MEMS1 9.3.0
2023-08-07 08:54:00,707 [INFO] ThirdParty:1030 - CMSIS Pack Vendor :STMicroelectronics X-CUBE-EEPRMA1 4.1.0
2023-08-07 08:54:00,707 [INFO] ThirdParty:1030 - CMSIS Pack Vendor :portGmbH I-Cube-SoM-uGOAL 1.1.0
2023-08-07 08:54:00,707 [INFO] ThirdParty:1030 - CMSIS Pack Vendor :STMicroelectronics X-CUBE-ALS 1.0.1
2023-08-07 08:54:00,707 [INFO] ThirdParty:1030 - CMSIS Pack Vendor :STMicroelectronics X-CUBE-MEMS1 9.5.0
2023-08-07 08:54:00,707 [INFO] ThirdParty:1030 - CMSIS Pack Vendor :STMicroelectronics ThreadX 1.0.0
2023-08-07 08:54:00,707 [INFO] ThirdParty:1030 - CMSIS Pack Vendor :STMicroelectronics X-CUBE-AZRTOS-WB 1.1.0
2023-08-07 08:54:00,707 [INFO] ThirdParty:1030 - CMSIS Pack Vendor :STMicroelectronics X-CUBE-AZRTOS-WL 2.0.0
2023-08-07 08:54:00,707 [INFO] ThirdParty:1030 - CMSIS Pack Vendor :SEGGER I-CUBE-embOS 1.3.1
2023-08-07 08:54:00,707 [INFO] ThirdParty:1030 - CMSIS Pack Vendor :STMicroelectronics X-CUBE-AZRTOS-L5 1.0.0
2023-08-07 08:54:00,708 [INFO] ThirdParty:1030 - CMSIS Pack Vendor :STMicroelectronics USB_DEVICE 1.0.0
2023-08-07 08:54:00,708 [INFO] ThirdParty:1030 - CMSIS Pack Vendor :STMicroelectronics X-CUBE-EEPRMA1 3.1.1
2023-08-07 08:54:00,708 [INFO] ThirdParty:1030 - CMSIS Pack Vendor :STMicroelectronics X-CUBE-AZRTOS-L4 2.0.0
2023-08-07 08:54:00,708 [INFO] ThirdParty:1030 - CMSIS Pack Vendor :STMicroelectronics ThreadX 0.0.2
2023-08-07 08:54:00,708 [INFO] ThirdParty:1030 - CMSIS Pack Vendor :WES I-CUBE-Cesium 1.3.0
2023-08-07 08:54:00,708 [INFO] ThirdParty:1030 - CMSIS Pack Vendor :STMicroelectronics FP-ATR-ASTRA1 2.0.0
2023-08-07 08:54:00,708 [INFO] ThirdParty:1030 - CMSIS Pack Vendor :STMicroelectronics lwIP 2.1.2
2023-08-07 08:54:00,708 [INFO] ThirdParty:1030 - CMSIS Pack Vendor :STMicroelectronics X-CUBE-SFXS2LP1 4.0.0
2023-08-07 08:54:00,708 [INFO] ThirdParty:1030 - CMSIS Pack Vendor :STMicroelectronics X-CUBE-BLE2 3.3.0
2023-08-07 08:54:00,708 [INFO] ThirdParty:1030 - CMSIS Pack Vendor :STMicroelectronics X-CUBE-DISPLAY 2.2.0
2023-08-07 08:54:00,708 [INFO] ThirdParty:1030 - CMSIS Pack Vendor :STMicroelectronics X-CUBE-TOF1 3.2.0
2023-08-07 08:54:00,708 [INFO] ThirdParty:1030 - CMSIS Pack Vendor :STMicroelectronics PDM2PCM 3.2.0
2023-08-07 08:54:00,708 [INFO] ThirdParty:1030 - CMSIS Pack Vendor :STMicroelectronics X-CUBE-AZRTOS-H7 3.0.0
2023-08-07 08:54:00,708 [INFO] ThirdParty:841 - exiting critical section [change project]
2023-08-07 08:54:00,882 [INFO] PinOutPanel:1499 - setPackage(No Configuration,No Configuration)
2023-08-07 08:54:00,883 [INFO] PinOutPanel:1499 - setPackage(STM32F103CBTx,LQFP48)
2023-08-07 08:54:01,216 [INFO] UtilMem:75 - Before build in PCC Used Memory: 195112256 Bytes (507510784)
2023-08-07 08:54:01,909 [INFO] UtilMem:75 - After build in PCC Used Memory: 256984400 Bytes (507510784)
2023-08-07 08:54:01,934 [INFO] IPUIPlugin:80 - create IPUIPlugin
2023-08-07 08:54:01,934 [INFO] IPUIPlugin:80 - create IPUIPlugin
2023-08-07 08:54:01,934 [INFO] IPUIPlugin:80 - create IPUIPlugin
2023-08-07 08:54:01,934 [INFO] IPUIPlugin:80 - create IPUIPlugin
2023-08-07 08:54:01,934 [INFO] IPUIPlugin:80 - create IPUIPlugin
2023-08-07 08:54:01,934 [INFO] IPUIPlugin:80 - create IPUIPlugin
2023-08-07 08:54:01,934 [INFO] IPUIPlugin:80 - create IPUIPlugin
2023-08-07 08:54:01,934 [INFO] IPUIPlugin:80 - create IPUIPlugin
2023-08-07 08:54:01,934 [INFO] IPUIPlugin:80 - create IPUIPlugin
2023-08-07 08:54:01,934 [INFO] IPUIPlugin:80 - create IPUIPlugin
2023-08-07 08:54:01,935 [INFO] IPUIPlugin:80 - create IPUIPlugin
2023-08-07 08:54:01,935 [INFO] IPUIPlugin:80 - create IPUIPlugin
2023-08-07 08:54:01,935 [INFO] IPUIPlugin:80 - create IPUIPlugin
2023-08-07 08:54:01,935 [INFO] IPUIPlugin:80 - create IPUIPlugin
2023-08-07 08:54:01,935 [INFO] IPUIPlugin:80 - create IPUIPlugin
2023-08-07 08:54:01,935 [INFO] IPUIPlugin:80 - create IPUIPlugin
2023-08-07 08:54:01,935 [INFO] IPUIPlugin:80 - create IPUIPlugin
2023-08-07 08:54:01,935 [INFO] IPUIPlugin:80 - create IPUIPlugin
2023-08-07 08:54:01,935 [INFO] IPUIPlugin:80 - create IPUIPlugin
2023-08-07 08:54:01,936 [INFO] IPUIPlugin:80 - create IPUIPlugin
2023-08-07 08:54:01,936 [INFO] IPUIPlugin:80 - create IPUIPlugin
2023-08-07 08:54:01,936 [INFO] IPUIPlugin:80 - create IPUIPlugin
2023-08-07 08:54:01,936 [INFO] IPUIPlugin:80 - create IPUIPlugin
2023-08-07 08:54:01,936 [INFO] IPUIPlugin:80 - create IPUIPlugin
2023-08-07 08:54:01,936 [INFO] IPUIPlugin:80 - create IPUIPlugin
2023-08-07 08:54:01,936 [INFO] IPUIPlugin:80 - create IPUIPlugin
2023-08-07 08:54:01,936 [INFO] IPUIPlugin:80 - create IPUIPlugin
2023-08-07 08:54:01,947 [WARN] IP:2114 - I2C_Coeff_DF not found: check if there is a RefParameter without a condition.
2023-08-07 08:54:01,947 [WARN] IP:2114 - Analog_Filter not found: check if there is a RefParameter without a condition.
2023-08-07 08:54:02,161 [INFO] CADModel:165 - CPN selected for project levelSTM32F103CBT6
2023-08-07 08:54:02,161 [INFO] CADModel:114 - Register for checkConnection events
2023-08-07 08:54:02,209 [INFO] OpenFileManager:328 - Restore cursor
2023-08-07 08:54:02,347 [WARN] IP:2114 - I2C_Coeff_DF not found: check if there is a RefParameter without a condition.
2023-08-07 08:54:02,347 [WARN] IP:2114 - Analog_Filter not found: check if there is a RefParameter without a condition.
2023-08-07 08:54:02,347 [WARN] IP:2114 - I2C_Coeff_DF not found: check if there is a RefParameter without a condition.
2023-08-07 08:54:02,347 [WARN] IP:2114 - Analog_Filter not found: check if there is a RefParameter without a condition.
2023-08-07 08:54:12,904 [WARN] IP:2114 - I2C_Coeff_DF not found: check if there is a RefParameter without a condition.
2023-08-07 08:54:12,904 [WARN] IP:2114 - Analog_Filter not found: check if there is a RefParameter without a condition.
2023-08-07 08:54:12,904 [WARN] IP:2114 - I2C_Coeff_DF not found: check if there is a RefParameter without a condition.
2023-08-07 08:54:12,905 [WARN] IP:2114 - Analog_Filter not found: check if there is a RefParameter without a condition.
2023-08-07 08:54:12,973 [WARN] IP:2114 - I2C_Coeff_DF not found: check if there is a RefParameter without a condition.
2023-08-07 08:54:12,974 [WARN] IP:2114 - Analog_Filter not found: check if there is a RefParameter without a condition.
2023-08-07 08:54:12,974 [WARN] IP:2114 - I2C_Coeff_DF not found: check if there is a RefParameter without a condition.
2023-08-07 08:54:12,974 [WARN] IP:2114 - Analog_Filter not found: check if there is a RefParameter without a condition.
2023-08-07 08:54:19,143 [WARN] IP:2114 - I2C_Coeff_DF not found: check if there is a RefParameter without a condition.
2023-08-07 08:54:19,144 [WARN] IP:2114 - Analog_Filter not found: check if there is a RefParameter without a condition.
2023-08-07 08:54:19,144 [WARN] IP:2114 - I2C_Coeff_DF not found: check if there is a RefParameter without a condition.
2023-08-07 08:54:19,144 [WARN] IP:2114 - Analog_Filter not found: check if there is a RefParameter without a condition.
2023-08-07 08:54:27,951 [WARN] IP:2114 - I2C_Coeff_DF not found: check if there is a RefParameter without a condition.
2023-08-07 08:54:27,951 [WARN] IP:2114 - Analog_Filter not found: check if there is a RefParameter without a condition.
2023-08-07 08:54:27,952 [WARN] IP:2114 - I2C_Coeff_DF not found: check if there is a RefParameter without a condition.
2023-08-07 08:54:27,952 [WARN] IP:2114 - Analog_Filter not found: check if there is a RefParameter without a condition.
2023-08-07 08:54:36,248 [INFO] UtilMem:75 - End SaveConfig() Used Memory: 417402840 Bytes (507510784)
2023-08-07 08:54:36,712 [INFO] UtilMem:75 - End SaveConfig() Used Memory: 246454816 Bytes (507510784)
2023-08-07 08:54:37,022 [INFO] BlockDiagram:2759 - set Specific Code input for plugin: RTC
2023-08-07 08:54:37,022 [INFO] BlockDiagram:2759 - set Specific Code input for plugin: SPI
2023-08-07 08:54:37,022 [INFO] BlockDiagram:2759 - set Specific Code input for plugin: NVIC
2023-08-07 08:54:37,022 [INFO] BlockDiagram:2759 - set Specific Code input for plugin: USART
2023-08-07 08:54:37,022 [INFO] BlockDiagram:2759 - set Specific Code input for plugin: SYS
2023-08-07 08:54:37,022 [INFO] BlockDiagram:2759 - set Specific Code input for plugin: GPIO
2023-08-07 08:54:37,022 [INFO] BlockDiagram:2759 - set Specific Code input for plugin: ADC
2023-08-07 08:54:37,022 [INFO] BlockDiagram:2759 - set Specific Code input for plugin: RCC
2023-08-07 08:54:37,022 [INFO] BlockDiagram:2759 - set Specific Code input for plugin: I2C
2023-08-07 08:54:37,023 [INFO] CodeGenerator:799 - code generatio: config db path: C:\ST\STM32CubeIDE_1.13.0\STM32CubeIDE\plugins\com.st.stm32cube.common.mx_6.9.0.202307051724\\db\
2023-08-07 08:54:37,029 [WARN] IP:2114 - I2C_Coeff_DF not found: check if there is a RefParameter without a condition.
2023-08-07 08:54:37,029 [WARN] IP:2114 - Analog_Filter not found: check if there is a RefParameter without a condition.
2023-08-07 08:54:37,250 [INFO] CodeEngine:255 - oldGeneratedFile, P:\YuzGuard\1_MicroController\IOT\MXTmpFiles\license.tmp_save
2023-08-07 08:54:37,522 [INFO] CodeEngine:279 - Generated code: P:\YuzGuard\1_MicroController\IOT\MXTmpFiles\license.tmp
2023-08-07 08:54:37,607 [INFO] CodeEngine:255 - oldGeneratedFile, P:\YuzGuard\1_MicroController\IOT\MXTmpFiles\gpio.tmp_save
2023-08-07 08:54:37,723 [INFO] CodeEngine:279 - Generated code: P:\YuzGuard\1_MicroController\IOT\MXTmpFiles\gpio.tmp
2023-08-07 08:54:38,030 [INFO] CodeEngine:255 - oldGeneratedFile, P:\YuzGuard\1_MicroController\IOT\Core\Src\stm32f1xx_it.c_save
2023-08-07 08:54:38,133 [INFO] CodeEngine:279 - Generated code: P:\YuzGuard\1_MicroController\IOT\Core\Src\stm32f1xx_it.c
2023-08-07 08:54:38,141 [INFO] CodeEngine:255 - oldGeneratedFile, P:\YuzGuard\1_MicroController\IOT\Core\Inc\stm32f1xx_it.h_save
2023-08-07 08:54:38,211 [INFO] CodeEngine:279 - Generated code: P:\YuzGuard\1_MicroController\IOT\Core\Inc\stm32f1xx_it.h
2023-08-07 08:54:38,231 [INFO] CodeEngine:255 - oldGeneratedFile, P:\YuzGuard\1_MicroController\IOT\Core\Src\stm32f1xx_hal_msp.c_save
2023-08-07 08:54:38,344 [INFO] CodeEngine:279 - Generated code: P:\YuzGuard\1_MicroController\IOT\Core\Src\stm32f1xx_hal_msp.c
2023-08-07 08:54:38,350 [INFO] CodeEngine:255 - oldGeneratedFile, P:\YuzGuard\1_MicroController\IOT\MXTmpFiles\system.tmp_save
2023-08-07 08:54:38,393 [INFO] CodeEngine:279 - Generated code: P:\YuzGuard\1_MicroController\IOT\MXTmpFiles\system.tmp
2023-08-07 08:54:38,410 [INFO] CodeEngine:255 - oldGeneratedFile, P:\YuzGuard\1_MicroController\IOT\Core\Inc\stm32_assert.h_save
2023-08-07 08:54:38,461 [INFO] CodeEngine:279 - Generated code: P:\YuzGuard\1_MicroController\IOT\Core\Inc\stm32_assert.h
2023-08-07 08:54:38,476 [INFO] CodeEngine:311 - oldGeneratedFile, P:\YuzGuard\1_MicroController\IOT\Core\Inc\stm32f1xx_hal_conf.h_save
2023-08-07 08:54:38,537 [INFO] CodeEngine:335 - Generated code: P:\YuzGuard\1_MicroController\IOT\Core\Inc\stm32f1xx_hal_conf.h
2023-08-07 08:54:38,573 [INFO] CodeEngine:255 - oldGeneratedFile, P:\YuzGuard\1_MicroController\IOT\Core\Inc\main.h_save
2023-08-07 08:54:38,636 [INFO] CodeEngine:279 - Generated code: P:\YuzGuard\1_MicroController\IOT\Core\Inc\main.h
2023-08-07 08:54:38,650 [INFO] CodeEngine:255 - oldGeneratedFile, P:\YuzGuard\1_MicroController\IOT\Core\Src\main.c_save
2023-08-07 08:54:38,772 [INFO] CodeEngine:279 - Generated code: P:\YuzGuard\1_MicroController\IOT\Core\Src\main.c
2023-08-07 08:54:39,177 [INFO] ProjectBuilder:3064 - Time for Copy HAL[1] : 108mS.
2023-08-07 08:54:39,180 [INFO] ProjectBuilder:4404 - Project Generator version: 4.1.0
2023-08-07 08:54:39,352 [INFO] ConfigFileManager:1457 - The Die is : DIE410
2023-08-07 08:54:39,365 [INFO] ApiDbMcu:507 - Load IP Config File for FATFS
2023-08-07 08:54:39,375 [INFO] ApiDbMcu:507 - Load IP Config File for FREERTOS
2023-08-07 08:54:39,384 [INFO] ApiDbMcu:507 - Load IP Config File for USB_DEVICE
2023-08-07 08:54:40,050 [INFO] LogOutputStream:77 - [STDOUT_REDIRECT] 
2023-08-07 08:54:41,049 [INFO] ProjectBuilder:4626 - Time for Generating toolchain IDE Files: 1868mS.
2023-08-07 08:54:41,049 [INFO] ProjectBuilder:2935 - Time for Copy CMSIS : 0mS.
2023-08-07 08:54:41,052 [INFO] ProjectBuilder:2935 - Time for Copy CMSIS : 0mS.
2023-08-07 08:55:58,341 [ERROR] ConfigurationRetriever:142 - IOException on connection: Read timed out
2023-08-07 09:08:25,729 [ERROR] ConfigurationRetriever:142 - IOException on connection: Connect timed out
2023-08-07 09:08:27,732 [ERROR] ConfigurationRetriever:142 - IOException on connection: Connect timed out
2023-08-07 09:08:29,734 [ERROR] ConfigurationRetriever:142 - IOException on connection: Connect timed out
