2023-08-06 05:42:10,136 [INFO] Activator:176 - 


2023-08-06 05:42:10,157 [INFO] Activator:177 - !SESSION log4j initialized
2023-08-06 05:42:16,064 [INFO] LogOutputStream:77 - [STDOUT_REDIRECT] 
2023-08-06 05:42:20,575 [ERROR] ConfigurationRetriever:142 - IOException on connection: Read timed out
2023-08-06 05:42:22,265 [INFO] ApplicationProperties:184 - Using Application install path: C:\ST\STM32CubeIDE_1.13.0\STM32CubeIDE\plugins\com.st.stm32cube.common.mx_6.9.0.202307051724
2023-08-06 05:42:22,281 [INFO] DbMcusXml:78 - Set database path to: C:\ST\STM32CubeIDE_1.13.0\STM32CubeIDE\plugins\com.st.stm32cube.common.mx_6.9.0.202307051724\\db\/mcu/
2023-08-06 05:42:22,281 [INFO] ApiDb:274 - Set plugin database path to: C:\ST\STM32CubeIDE_1.13.0\STM32CubeIDE\plugins\com.st.stm32cube.common.mx_6.9.0.202307051724\\db\/plugins/boardmanager/
2023-08-06 05:42:22,282 [WARN] ApiDb:259 - Overriding images path with different value:  => C:\ST\STM32CubeIDE_1.13.0\STM32CubeIDE\plugins\com.st.stm32cube.common.mx_6.9.0.202307051724\\db\/plugins/mcufinder/images/
2023-08-06 05:42:22,294 [INFO] ApiDb:250 - Set database path to: C:\Users\Amir Sharif\.stmcufinder\plugins\mcufinder//mcu/
2023-08-06 05:42:22,294 [INFO] DbMcusAds:125 - Set database path to: C:\Users\Amir Sharif\.stmcufinder\plugins\mcufinder//mcu/
2023-08-06 05:42:22,296 [INFO] CrossReferenceDbSqlite:203 - Set database path to: C:\Users\Amir Sharif\.stmcufinder\plugins\mcufinder//mcu/cs/
2023-08-06 05:42:22,381 [INFO] RulesReader:64 - Compatibility file has been processed (293 Rules)
2023-08-06 05:42:22,445 [INFO] DbMcusXml:78 - Set database path to: C:\ST\STM32CubeIDE_1.13.0\STM32CubeIDE\plugins\com.st.stm32cube.common.mx_6.9.0.202307051724\\db\/mcu/
2023-08-06 05:42:22,446 [INFO] ApiDb:274 - Set plugin database path to: C:\ST\STM32CubeIDE_1.13.0\STM32CubeIDE\plugins\com.st.stm32cube.common.mx_6.9.0.202307051724\\db\/plugins/boardmanager/
2023-08-06 05:42:22,446 [INFO] ApiDb:261 - Set plugin images path to: C:\ST\STM32CubeIDE_1.13.0\STM32CubeIDE\plugins\com.st.stm32cube.common.mx_6.9.0.202307051724\\db\/plugins/mcufinder/images/
2023-08-06 05:42:22,446 [WARN] DbFile:41 - Overriding database path with different value: C:\Users\Amir Sharif\.stmcufinder\plugins\mcufinder/ => C:\Users\Amir Sharif\.stmcufinder\plugins\mcufinder
2023-08-06 05:42:22,447 [INFO] ApiDb:250 - Set database path to: C:\Users\Amir Sharif\.stmcufinder\plugins\mcufinder//mcu/
2023-08-06 05:42:22,447 [WARN] DbFile:41 - Overriding database path with different value: C:\Users\Amir Sharif\.stmcufinder\plugins\mcufinder/ => C:\Users\Amir Sharif\.stmcufinder\plugins\mcufinder
2023-08-06 05:42:22,447 [INFO] DbMcusAds:125 - Set database path to: C:\Users\Amir Sharif\.stmcufinder\plugins\mcufinder//mcu/
2023-08-06 05:42:22,447 [WARN] DbFile:41 - Overriding database path with different value: C:\Users\Amir Sharif\.stmcufinder\plugins\mcufinder/ => C:\Users\Amir Sharif\.stmcufinder\plugins\mcufinder
2023-08-06 05:42:22,447 [WARN] DbFile:41 - Overriding database path with different value: C:\Users\Amir Sharif\.stmcufinder\plugins\mcufinder/ => C:\Users\Amir Sharif\.stmcufinder\plugins\mcufinder
2023-08-06 05:42:22,447 [INFO] CrossReferenceDbSqlite:203 - Set database path to: C:\Users\Amir Sharif\.stmcufinder\plugins\mcufinder//mcu/cs/
2023-08-06 05:42:22,511 [INFO] MainPanel:262 - HeapMemory: 268435456
2023-08-06 05:42:22,588 [INFO] DbMcusXml:78 - Set database path to: C:\ST\STM32CubeIDE_1.13.0\STM32CubeIDE\plugins\com.st.stm32cube.common.mx_6.9.0.202307051724\\db\/mcu/
2023-08-06 05:42:22,588 [INFO] ApiDb:274 - Set plugin database path to: C:\ST\STM32CubeIDE_1.13.0\STM32CubeIDE\plugins\com.st.stm32cube.common.mx_6.9.0.202307051724\\db\/plugins/boardmanager/
2023-08-06 05:42:22,588 [INFO] ApiDb:261 - Set plugin images path to: C:\ST\STM32CubeIDE_1.13.0\STM32CubeIDE\plugins\com.st.stm32cube.common.mx_6.9.0.202307051724\\db\/plugins/mcufinder/images/
2023-08-06 05:42:22,589 [WARN] DbFile:41 - Overriding database path with different value: C:\Users\Amir Sharif\.stmcufinder\plugins\mcufinder/ => C:\Users\Amir Sharif\.stmcufinder\plugins\mcufinder
2023-08-06 05:42:22,589 [INFO] ApiDb:250 - Set database path to: C:\Users\Amir Sharif\.stmcufinder\plugins\mcufinder//mcu/
2023-08-06 05:42:22,589 [WARN] DbFile:41 - Overriding database path with different value: C:\Users\Amir Sharif\.stmcufinder\plugins\mcufinder/ => C:\Users\Amir Sharif\.stmcufinder\plugins\mcufinder
2023-08-06 05:42:22,589 [INFO] DbMcusAds:125 - Set database path to: C:\Users\Amir Sharif\.stmcufinder\plugins\mcufinder//mcu/
2023-08-06 05:42:22,589 [WARN] DbFile:41 - Overriding database path with different value: C:\Users\Amir Sharif\.stmcufinder\plugins\mcufinder/ => C:\Users\Amir Sharif\.stmcufinder\plugins\mcufinder
2023-08-06 05:42:22,589 [WARN] DbFile:41 - Overriding database path with different value: C:\Users\Amir Sharif\.stmcufinder\plugins\mcufinder/ => C:\Users\Amir Sharif\.stmcufinder\plugins\mcufinder
2023-08-06 05:42:22,589 [INFO] CrossReferenceDbSqlite:203 - Set database path to: C:\Users\Amir Sharif\.stmcufinder\plugins\mcufinder//mcu/cs/
2023-08-06 05:42:22,603 [INFO] ApplicationProperties:184 - Using Application install path: C:\ST\STM32CubeIDE_1.13.0\STM32CubeIDE\plugins\com.st.stm32cube.common.mx_6.9.0.202307051724
2023-08-06 05:42:22,604 [INFO] PluginManage:196 - Search for loadable plugins [exclusion list=, ]
2023-08-06 05:42:22,604 [INFO] PluginManage:310 - Check plugin analytics
2023-08-06 05:42:22,818 [INFO] AnalyticsPlugin:253 - Accepted Software Licenses: 
2023-08-06 05:42:22,818 [INFO] AnalyticsPlugin:255 - Accepted CMSIS Pack Licenses: 
2023-08-06 05:42:22,818 [INFO] AnalyticsPlugin:257 - Accepted Firmware Licenses: 
2023-08-06 05:42:22,820 [INFO] PluginManage:359 - Loaded plugin analytics (category:tool,tabindex:-1)
2023-08-06 05:42:22,820 [INFO] PluginManage:310 - Check plugin cadmodel
2023-08-06 05:42:22,831 [INFO] CADModel:105 - Init CAD model plugin
2023-08-06 05:42:22,831 [INFO] PluginManage:359 - Loaded plugin cadmodel (category:power,tabindex:5)
2023-08-06 05:42:22,832 [INFO] PluginManage:310 - Check plugin clock
2023-08-06 05:42:22,845 [INFO] PluginManage:359 - Loaded plugin clock (category:base,tabindex:2)
2023-08-06 05:42:22,845 [INFO] PluginManage:310 - Check plugin ddr
2023-08-06 05:42:22,847 [INFO] PluginManage:359 - Loaded plugin ddr (category:tool,tabindex:6)
2023-08-06 05:42:22,847 [INFO] PluginManage:310 - Check plugin filemanager
2023-08-06 05:42:22,946 [INFO] PluginManage:359 - Loaded plugin filemanager (category:base,tabindex:10)
2023-08-06 05:42:22,946 [INFO] PluginManage:310 - Check plugin ipmanager
2023-08-06 05:42:22,951 [INFO] PluginManage:359 - Loaded plugin ipmanager (category:base,tabindex:5)
2023-08-06 05:42:22,951 [INFO] PluginManage:310 - Check plugin lpbam
2023-08-06 05:42:22,963 [INFO] PluginManage:359 - Loaded plugin lpbam (category:base,tabindex:0)
2023-08-06 05:42:22,963 [INFO] PluginManage:310 - Check plugin memorymap
2023-08-06 05:42:22,981 [INFO] PluginManage:359 - Loaded plugin memorymap (category:base,tabindex:4)
2023-08-06 05:42:22,981 [INFO] PluginManage:310 - Check plugin pinoutandconfiguration
2023-08-06 05:42:22,993 [INFO] PluginManage:359 - Loaded plugin pinoutandconfiguration (category:base,tabindex:1)
2023-08-06 05:42:22,993 [INFO] PluginManage:310 - Check plugin pinoutconfig
2023-08-06 05:42:23,064 [WARN] SupportedApi:132 - Cannot load RTOS API schema: s4s-elt-must-match.1: The content of 'definitions' must match (annotation?, (simpleType | complexType)?, (unique | key | keyref)*)). A problem was found starting at: attribute.
2023-08-06 05:42:23,170 [INFO] PluginManage:359 - Loaded plugin pinoutconfig (category:base,tabindex:0)
2023-08-06 05:42:23,170 [INFO] PluginManage:310 - Check plugin power
2023-08-06 05:42:23,185 [INFO] PluginManage:359 - Loaded plugin power (category:power,tabindex:4)
2023-08-06 05:42:23,185 [INFO] PluginManage:310 - Check plugin projectmanager
2023-08-06 05:42:23,194 [INFO] PluginManage:359 - Loaded plugin projectmanager (category:projectmanager,tabindex:3)
2023-08-06 05:42:23,195 [INFO] PluginManage:310 - Check plugin thirdparty
2023-08-06 05:42:23,382 [INFO] PluginManage:359 - Loaded plugin thirdparty (category:base,tabindex:-1)
2023-08-06 05:42:23,382 [INFO] PluginManage:310 - Check plugin tools
2023-08-06 05:42:23,383 [WARN] IntegrityCheckThread:84 - waiting for thirdparty lock release [integrity check]
2023-08-06 05:42:23,383 [INFO] IntegrityCheckThread:86 - entering critical section [integrity check]
2023-08-06 05:42:23,383 [INFO] ThirdPartyUpdaterWithRetryManager:70 - Updater plugin not ready yet. [1/15]
2023-08-06 05:42:23,403 [INFO] PluginManage:359 - Loaded plugin tools (category:base,tabindex:7)
2023-08-06 05:42:23,403 [INFO] PluginManage:310 - Check plugin tutovideos
2023-08-06 05:42:23,564 [INFO] PluginManage:359 - Loaded plugin tutovideos (category:base,tabindex:-1)
2023-08-06 05:42:23,564 [INFO] PluginManage:310 - Check plugin updater
2023-08-06 05:42:23,573 [INFO] PluginManage:359 - Loaded plugin updater (category:base,tabindex:12)
2023-08-06 05:42:23,573 [INFO] PluginManage:310 - Check plugin userauth
2023-08-06 05:42:23,577 [INFO] UserAuth:113 - Init User Auth plugin
2023-08-06 05:42:23,577 [INFO] PluginManage:359 - Loaded plugin userauth (category:base,tabindex:14)
2023-08-06 05:42:23,578 [INFO] PluginManage:283 - PluginManage : Loaded plugins [17]
2023-08-06 05:42:23,737 [INFO] PinOutPanel:1499 - setPackage(No Configuration,No Configuration)
2023-08-06 05:42:23,812 [INFO] CADModel:165 - CPN selected for project level
2023-08-06 05:42:23,812 [INFO] CADModel:114 - Register for checkConnection events
2023-08-06 05:42:23,832 [INFO] IPUIPlugin:80 - create IPUIPlugin
2023-08-06 05:42:23,832 [INFO] PluginManager:220 - loadIPPluginJar : add adc
2023-08-06 05:42:23,854 [INFO] IPUIPlugin:80 - create IPUIPlugin
2023-08-06 05:42:23,854 [INFO] PluginManager:220 - loadIPPluginJar : add aes
2023-08-06 05:42:23,882 [INFO] IPUIPlugin:80 - create IPUIPlugin
2023-08-06 05:42:23,882 [INFO] PluginManager:220 - loadIPPluginJar : add can
2023-08-06 05:42:23,898 [INFO] IPUIPlugin:80 - create IPUIPlugin
2023-08-06 05:42:23,898 [INFO] PluginManager:220 - loadIPPluginJar : add comp
2023-08-06 05:42:23,920 [INFO] IPUIPlugin:80 - create IPUIPlugin
2023-08-06 05:42:23,920 [INFO] PluginManager:220 - loadIPPluginJar : add cryp
2023-08-06 05:42:23,942 [INFO] IPUIPlugin:80 - create IPUIPlugin
2023-08-06 05:42:23,942 [INFO] PluginManager:220 - loadIPPluginJar : add dfsdm
2023-08-06 05:42:23,952 [INFO] IPUIPlugin:80 - create IPUIPlugin
2023-08-06 05:42:23,953 [INFO] PluginManager:220 - loadIPPluginJar : add dma
2023-08-06 05:42:23,985 [INFO] IPUIPlugin:80 - create IPUIPlugin
2023-08-06 05:42:23,985 [INFO] PluginManager:220 - loadIPPluginJar : add dma3
2023-08-06 05:42:23,999 [INFO] IPUIPlugin:80 - create IPUIPlugin
2023-08-06 05:42:23,999 [INFO] PluginManager:220 - loadIPPluginJar : add fatfs
2023-08-06 05:42:24,028 [INFO] IPUIPlugin:80 - create IPUIPlugin
2023-08-06 05:42:24,028 [INFO] PluginManager:220 - loadIPPluginJar : add fmc
2023-08-06 05:42:24,040 [INFO] IPUIPlugin:80 - create IPUIPlugin
2023-08-06 05:42:24,040 [INFO] PluginManager:220 - loadIPPluginJar : add freertos
2023-08-06 05:42:24,053 [INFO] IPUIPlugin:80 - create IPUIPlugin
2023-08-06 05:42:24,053 [INFO] PluginManager:220 - loadIPPluginJar : add genericplugin
2023-08-06 05:42:24,106 [INFO] IPUIPlugin:80 - create IPUIPlugin
2023-08-06 05:42:24,106 [INFO] PluginManager:220 - loadIPPluginJar : add gfxmmu
2023-08-06 05:42:24,185 [INFO] IPUIPlugin:80 - create IPUIPlugin
2023-08-06 05:42:24,185 [INFO] PluginManager:220 - loadIPPluginJar : add gic
2023-08-06 05:42:24,198 [INFO] IPUIPlugin:80 - create IPUIPlugin
2023-08-06 05:42:24,198 [INFO] PluginManager:220 - loadIPPluginJar : add gpio
2023-08-06 05:42:24,258 [INFO] IPUIPlugin:80 - create IPUIPlugin
2023-08-06 05:42:24,258 [INFO] PluginManager:220 - loadIPPluginJar : add gtzc
2023-08-06 05:42:24,278 [INFO] IPUIPlugin:80 - create IPUIPlugin
2023-08-06 05:42:24,278 [INFO] PluginManager:220 - loadIPPluginJar : add hash
2023-08-06 05:42:24,312 [INFO] IPUIPlugin:80 - create IPUIPlugin
2023-08-06 05:42:24,312 [INFO] PluginManager:220 - loadIPPluginJar : add i2c
2023-08-06 05:42:24,354 [INFO] IPUIPlugin:80 - create IPUIPlugin
2023-08-06 05:42:24,354 [INFO] PluginManager:220 - loadIPPluginJar : add i2s
2023-08-06 05:42:24,383 [INFO] IPUIPlugin:80 - create IPUIPlugin
2023-08-06 05:42:24,383 [INFO] PluginManager:220 - loadIPPluginJar : add i3c
2023-08-06 05:42:24,456 [INFO] IPUIPlugin:80 - create IPUIPlugin
2023-08-06 05:42:24,456 [INFO] PluginManager:220 - loadIPPluginJar : add ipddr
2023-08-06 05:42:24,515 [INFO] IPUIPlugin:80 - create IPUIPlugin
2023-08-06 05:42:24,515 [INFO] PluginManager:220 - loadIPPluginJar : add linkedlist
2023-08-06 05:42:24,536 [INFO] IPUIPlugin:80 - create IPUIPlugin
2023-08-06 05:42:24,536 [INFO] PluginManager:220 - loadIPPluginJar : add lorawan
2023-08-06 05:42:24,558 [INFO] IPUIPlugin:80 - create IPUIPlugin
2023-08-06 05:42:24,558 [INFO] PluginManager:220 - loadIPPluginJar : add ltdc
2023-08-06 05:42:24,570 [INFO] IPUIPlugin:80 - create IPUIPlugin
2023-08-06 05:42:24,570 [INFO] PluginManager:220 - loadIPPluginJar : add mdma
2023-08-06 05:42:24,580 [INFO] IPUIPlugin:80 - create IPUIPlugin
2023-08-06 05:42:24,580 [INFO] PluginManager:220 - loadIPPluginJar : add nvic
2023-08-06 05:42:24,602 [INFO] IPUIPlugin:80 - create IPUIPlugin
2023-08-06 05:42:24,602 [INFO] PluginManager:220 - loadIPPluginJar : add opamp
2023-08-06 05:42:24,642 [INFO] IPUIPlugin:80 - create IPUIPlugin
2023-08-06 05:42:24,642 [INFO] PluginManager:220 - loadIPPluginJar : add openamp
2023-08-06 05:42:24,669 [INFO] IPUIPlugin:80 - create IPUIPlugin
2023-08-06 05:42:24,669 [INFO] PluginManager:220 - loadIPPluginJar : add pdm2pcm
2023-08-06 05:42:24,682 [INFO] IPUIPlugin:80 - create IPUIPlugin
2023-08-06 05:42:24,685 [INFO] PluginManager:220 - loadIPPluginJar : add plateformsettings
2023-08-06 05:42:24,699 [INFO] IPUIPlugin:80 - create IPUIPlugin
2023-08-06 05:42:24,700 [INFO] PluginManager:220 - loadIPPluginJar : add quadspi
2023-08-06 05:42:24,708 [INFO] IPUIPlugin:80 - create IPUIPlugin
2023-08-06 05:42:24,709 [INFO] PluginManager:220 - loadIPPluginJar : add resmgrutility
2023-08-06 05:42:24,738 [INFO] IPUIPlugin:80 - create IPUIPlugin
2023-08-06 05:42:24,738 [INFO] PluginManager:220 - loadIPPluginJar : add sai
2023-08-06 05:42:24,759 [INFO] IPUIPlugin:80 - create IPUIPlugin
2023-08-06 05:42:24,759 [INFO] PluginManager:220 - loadIPPluginJar : add spi
2023-08-06 05:42:24,798 [INFO] IPUIPlugin:80 - create IPUIPlugin
2023-08-06 05:42:24,798 [INFO] PluginManager:220 - loadIPPluginJar : add stm32_wpan
2023-08-06 05:42:24,816 [INFO] IPUIPlugin:80 - create IPUIPlugin
2023-08-06 05:42:24,816 [INFO] PluginManager:220 - loadIPPluginJar : add tim
2023-08-06 05:42:24,858 [INFO] IPUIPlugin:80 - create IPUIPlugin
2023-08-06 05:42:24,858 [INFO] PluginManager:220 - loadIPPluginJar : add touchsensing
2023-08-06 05:42:24,874 [INFO] IPUIPlugin:80 - create IPUIPlugin
2023-08-06 05:42:24,874 [INFO] PluginManager:220 - loadIPPluginJar : add tracer_emb
2023-08-06 05:42:24,891 [INFO] IPUIPlugin:80 - create IPUIPlugin
2023-08-06 05:42:24,891 [INFO] PluginManager:220 - loadIPPluginJar : add ts
2023-08-06 05:42:24,906 [INFO] IPUIPlugin:80 - create IPUIPlugin
2023-08-06 05:42:24,906 [INFO] PluginManager:220 - loadIPPluginJar : add tsc
2023-08-06 05:42:24,922 [INFO] IPUIPlugin:80 - create IPUIPlugin
2023-08-06 05:42:24,922 [INFO] PluginManager:220 - loadIPPluginJar : add ucpd
2023-08-06 05:42:24,951 [INFO] IPUIPlugin:80 - create IPUIPlugin
2023-08-06 05:42:24,951 [INFO] PluginManager:220 - loadIPPluginJar : add usart
2023-08-06 05:42:24,979 [INFO] IPUIPlugin:80 - create IPUIPlugin
2023-08-06 05:42:24,980 [INFO] PluginManager:220 - loadIPPluginJar : add usbx
2023-08-06 05:42:25,090 [INFO] CADModel:165 - CPN selected for project level
2023-08-06 05:42:25,090 [INFO] CADModel:114 - Register for checkConnection events
2023-08-06 05:42:25,090 [FATAL] Updater:308 - Updater called before beeing initialized
2023-08-06 05:42:25,090 [ERROR] CADModel:125 - Updater not yet initialized, retry later 
2023-08-06 05:42:25,202 [INFO] CADModel:165 - CPN selected for project level
2023-08-06 05:42:25,202 [INFO] CADModel:114 - Register for checkConnection events
2023-08-06 05:42:25,202 [FATAL] Updater:308 - Updater called before beeing initialized
2023-08-06 05:42:25,202 [ERROR] CADModel:125 - Updater not yet initialized, retry later 
2023-08-06 05:42:25,205 [FATAL] Updater:308 - Updater called before beeing initialized
2023-08-06 05:42:25,278 [FATAL] Updater:308 - Updater called before beeing initialized
2023-08-06 05:42:25,286 [INFO] DbMcusAds:53 - JSON generation date=Tue Mar 07 03:50:55 GMT-05:00 2023 (1678179055114)
2023-08-06 05:42:25,286 [FATAL] Updater:308 - Updater called before beeing initialized
2023-08-06 05:42:25,339 [WARN] DetailPanel:346 - Failed to get advertising image, set to default
2023-08-06 05:42:25,423 [FATAL] Updater:308 - Updater called before beeing initialized
2023-08-06 05:42:25,425 [FATAL] Updater:308 - Updater called before beeing initialized
2023-08-06 05:42:25,425 [FATAL] Updater:308 - Updater called before beeing initialized
2023-08-06 05:42:25,425 [WARN] DetailPanel:346 - Failed to get advertising image, set to default
2023-08-06 05:42:25,426 [FATAL] Updater:308 - Updater called before beeing initialized
2023-08-06 05:42:25,469 [ERROR] Updater:1120 - MainUpdater not yet initialized. External WinMGr cannot be set.
2023-08-06 05:42:25,477 [INFO] Updater:1056 - Updater Version found : 6.9.0
2023-08-06 05:42:25,494 [INFO] ApplicationProperties:184 - Using Application install path: C:\ST\STM32CubeIDE_1.13.0\STM32CubeIDE\plugins\com.st.stm32cube.common.mx_6.9.0.202307051724
2023-08-06 05:42:26,384 [INFO] ThirdPartyUpdaterWithRetryManager:70 - Updater plugin not ready yet. [2/15]
2023-08-06 05:42:27,909 [WARN] ServerAccessManage:1168 - Warning during Server Connection :  timeout Read timed out
2023-08-06 05:42:28,992 [INFO] MainUpdater:2868 - connection check result : 10
2023-08-06 05:42:28,994 [INFO] MainUpdater:285 - Updater Check For Update Now.
2023-08-06 05:42:28,994 [INFO] MicroXplorer:498 - Change Database Version : DB.6.0.90
2023-08-06 05:42:29,024 [INFO] McuFinderGlobals:63 - Set McuFinder mode to 2 (CubeIDE integrated)
2023-08-06 05:42:29,171 [INFO] CheckServerUpdateThread:120 - End of CheckServer Thread
2023-08-06 05:42:29,238 [ERROR] ConfigurationRetriever:142 - IOException on connection: Read timed out
2023-08-06 05:42:29,522 [WARN] PackLoader:240 - Cannot read IP mode file for STMicroelectronics.X-CUBE-SMBUS.2.1.0
2023-08-06 05:42:29,550 [WARN] PackLoader:240 - Cannot read IP mode file for STMicroelectronics.X-CUBE-AZRTOS-F7.1.1.0
2023-08-06 05:42:29,562 [WARN] PackLoader:240 - Cannot read IP mode file for STMicroelectronics.FP-SNS-MOTENV1.4.3.2
2023-08-06 05:42:29,572 [ERROR] RealEvaluatedCondition:428 - Found unsupported composite condition: GROUP='STM32_MetaDataManager' CLASS='Data Exchange'
2023-08-06 05:42:29,572 [ERROR] RealEvaluatedCondition:428 - Found unsupported composite condition: GROUP='STM32_MetaDataManager' CLASS='Data Exchange'
2023-08-06 05:42:29,572 [WARN] PackLoader:240 - Cannot read IP mode file for STMicroelectronics.FP-SNS-MOTENV1.4.3.1
2023-08-06 05:42:29,582 [WARN] PackLoader:240 - Cannot read IP mode file for STMicroelectronics.FP-SNS-FLIGHT1.5.0.1
2023-08-06 05:42:29,590 [WARN] PackLoader:240 - Cannot read IP mode file for STMicroelectronics.X-CUBE-BLE1.6.2.3
2023-08-06 05:42:29,597 [WARN] PackLoader:240 - Cannot read IP mode file for STMicroelectronics.X-CUBE-BLE1.6.2.4
2023-08-06 05:42:29,604 [WARN] PackLoader:240 - Cannot read IP mode file for STMicroelectronics.FP-SNS-FLIGHT1.5.0.2
2023-08-06 05:42:29,613 [WARN] PackLoader:240 - Cannot read IP mode file for STMicroelectronics.X-CUBE-DISPLAY.3.0.0
2023-08-06 05:42:29,625 [WARN] PackLoader:240 - Cannot read IP mode file for emotas.I-CUBE-CANOPEN.1.3.0
2023-08-06 05:42:29,632 [WARN] PackLoader:240 - Cannot read IP mode file for STMicroelectronics.X-CUBE-TOUCHGFX.4.22.0
2023-08-06 05:42:29,664 [WARN] PackLoader:240 - Cannot read IP mode file for STMicroelectronics.X-CUBE-MEMS1.9.3.0
2023-08-06 05:42:29,754 [INFO] LogOutputStream:77 - [STDOUT_REDIRECT] 1 : Invalid condition id : UX_CORESTACK_Condition cause : null
2023-08-06 05:42:29,754 [INFO] LogOutputStream:77 - [STDOUT_REDIRECT] 1 : Invalid condition id : UX_CORESTACK_Condition cause : null
2023-08-06 05:42:29,755 [INFO] LogOutputStream:77 - [STDOUT_REDIRECT] 1 : Invalid condition id : UX_CORESTACK_Condition cause : null
2023-08-06 05:42:29,756 [INFO] LogOutputStream:77 - [STDOUT_REDIRECT] 1 : Invalid condition id : UX_CORESTACK_Condition cause : null
2023-08-06 05:42:29,757 [INFO] LogOutputStream:77 - [STDOUT_REDIRECT] 1 : Invalid condition id : UX_CORESTACK_Condition cause : null
2023-08-06 05:42:29,758 [WARN] PackLoader:240 - Cannot read IP mode file for STMicroelectronics.X-CUBE-AZRTOS-WL.2.0.0
2023-08-06 05:42:29,769 [WARN] PackLoader:240 - Cannot read IP mode file for WES.I-CUBE-Cesium.1.3.0
2023-08-06 05:42:29,776 [WARN] PackLoader:240 - Cannot read IP mode file for STMicroelectronics.X-CUBE-BLE2.3.3.0
2023-08-06 05:42:29,785 [WARN] PackLoader:240 - Cannot read IP mode file for STMicroelectronics.X-CUBE-DISPLAY.2.2.0
2023-08-06 05:42:29,799 [WARN] PackLoader:240 - Cannot read IP mode file for STMicroelectronics.X-CUBE-TOF1.3.2.0
2023-08-06 05:42:29,824 [WARN] PackLoader:240 - Cannot read IP mode file for STMicroelectronics.X-CUBE-AZRTOS-H7.2.1.0
2023-08-06 05:42:29,834 [WARN] PackLoader:240 - Cannot read IP mode file for STMicroelectronics.X-CUBE-TOUCHGFX.4.21.1
2023-08-06 05:42:29,842 [WARN] PackLoader:240 - Cannot read IP mode file for STMicroelectronics.X-CUBE-TOUCHGFX.4.21.0
2023-08-06 05:42:29,849 [WARN] PackLoader:240 - Cannot read IP mode file for STMicroelectronics.X-CUBE-TOUCHGFX.4.21.3
2023-08-06 05:42:29,857 [WARN] PackLoader:240 - Cannot read IP mode file for STMicroelectronics.X-CUBE-TOUCHGFX.4.21.4
2023-08-06 05:42:29,886 [WARN] PackLoader:240 - Cannot read IP mode file for STMicroelectronics.X-CUBE-MEMS1.9.4.0
2023-08-06 05:42:29,954 [WARN] PackLoader:240 - Cannot read IP mode file for STMicroelectronics.X-CUBE-AI.7.3.0
2023-08-06 05:42:29,963 [WARN] PackLoader:240 - Cannot read IP mode file for STMicroelectronics.X-CUBE-ALGOBUILD.1.3.0
2023-08-06 05:42:29,980 [WARN] PackLoader:240 - Cannot read IP mode file for STMicroelectronics.X-CUBE-AZRTOS-G0.1.1.0
2023-08-06 05:42:29,989 [WARN] PackLoader:240 - Cannot read IP mode file for STMicroelectronics.X-CUBE-NFC4.3.0.0
2023-08-06 05:42:30,020 [WARN] PackLoader:240 - Cannot read IP mode file for SEGGER.I-CUBE-embOS.1.2.1
2023-08-06 05:42:30,173 [WARN] PackLoader:240 - Cannot read IP mode file for STMicroelectronics.X-CUBE-BLEMGR.1.3.0
2023-08-06 05:42:30,183 [WARN] PackLoader:240 - Cannot read IP mode file for STMicroelectronics.FP-ATR-SIGFOX1.3.2.0
2023-08-06 05:42:30,192 [WARN] PackLoader:240 - Cannot read IP mode file for STMicroelectronics.X-CUBE-TOUCHGFX.4.20.0
2023-08-06 05:42:30,225 [WARN] PackLoader:240 - Cannot read IP mode file for STMicroelectronics.X-CUBE-MEMS1.9.5.0
2023-08-06 05:42:30,321 [WARN] PackLoader:240 - Cannot read IP mode file for SEGGER.I-CUBE-embOS.1.3.1
2023-08-06 05:42:30,389 [WARN] PackLoader:240 - Cannot read IP mode file for STMicroelectronics.X-CUBE-GNSS1.6.0.0
2023-08-06 05:42:30,407 [WARN] PackLoader:240 - Cannot read IP mode file for STMicroelectronics.X-CUBE-AZRTOS-F4.1.1.0
2023-08-06 05:42:30,418 [WARN] PackLoader:240 - Cannot read IP mode file for wolfSSL.I-CUBE-wolfSSL.5.6.3
2023-08-06 05:42:30,456 [WARN] PackLoader:240 - Cannot read IP mode file for wolfSSL.I-CUBE-wolfSSL.5.6.0
2023-08-06 05:42:30,494 [WARN] PackLoader:240 - Cannot read IP mode file for STMicroelectronics.X-CUBE-BLEMGR.1.2.0
2023-08-06 05:42:30,531 [WARN] PackLoader:240 - Cannot read IP mode file for STMicroelectronics.X-CUBE-MEMS1.9.6.0
2023-08-06 05:42:30,608 [WARN] PackLoader:240 - Cannot read IP mode file for emotas.I-CUBE-CANOPEN.1.1.3
2023-08-06 05:42:30,619 [WARN] PackLoader:240 - Cannot read IP mode file for STMicroelectronics.X-CUBE-BLEMGR.2.0.0
2023-08-06 05:42:30,629 [WARN] PackLoader:240 - Cannot read IP mode file for STMicroelectronics.X-CUBE-NFC4.2.0.5
2023-08-06 05:42:30,640 [WARN] PackLoader:240 - Cannot read IP mode file for STMicroelectronics.X-CUBE-NFC4.2.0.4
2023-08-06 05:42:30,658 [WARN] ConditionMgr:438 - getConditionDescription Invalid condition id : UX DEVICE CLASS RTOS Condition cause : null
2023-08-06 05:42:30,658 [WARN] ConditionMgr:438 - getConditionDescription Invalid condition id : UX DEVICE CLASS RTOS Condition cause : null
2023-08-06 05:42:30,660 [WARN] PackLoader:240 - Cannot read IP mode file for STMicroelectronics.X-CUBE-AZRTOS-H7.3.1.0
2023-08-06 05:42:30,661 [WARN] ConditionMgr:1039 - genDependencies : Invalid condition id : UX DEVICE CLASS RTOS Condition cause : null
2023-08-06 05:42:30,661 [WARN] ConditionMgr:1039 - genDependencies : Invalid condition id : UX DEVICE CLASS RTOS Condition cause : null
2023-08-06 05:42:30,661 [WARN] ConditionMgr:1039 - genDependencies : Invalid condition id : UX DEVICE CLASS RTOS Condition cause : null
2023-08-06 05:42:30,662 [WARN] ConditionMgr:1039 - genDependencies : Invalid condition id : UX DEVICE CLASS RTOS Condition cause : null
2023-08-06 05:42:30,662 [WARN] ConditionMgr:1039 - genDependencies : Invalid condition id : UX DEVICE CLASS RTOS Condition cause : null
2023-08-06 05:42:30,674 [WARN] PackLoader:240 - Cannot read IP mode file for wolfSSL.I-CUBE-wolfSSL.5.5.3
2023-08-06 05:42:30,683 [WARN] PackLoader:240 - Cannot read IP mode file for STMicroelectronics.X-CUBE-NFC7.1.0.1
2023-08-06 05:42:30,693 [WARN] PackLoader:240 - Cannot read IP mode file for STMicroelectronics.X-CUBE-NFC7.1.0.0
2023-08-06 05:42:30,702 [WARN] PackLoader:240 - Cannot read IP mode file for STMicroelectronics.X-CUBE-EEPRMA1.4.1.0
2023-08-06 05:42:30,718 [WARN] ConditionMgr:438 - getConditionDescription Invalid condition id : LAN8742 Phy interface Condition cause : null
2023-08-06 05:42:30,718 [WARN] PackLoader:240 - Cannot read IP mode file for STMicroelectronics.X-CUBE-AZRTOS-L4.2.0.0
2023-08-06 05:42:30,719 [WARN] ConditionMgr:1039 - genDependencies : Invalid condition id : LAN8742 Phy interface Condition cause : null
2023-08-06 05:42:30,719 [WARN] ConditionMgr:1039 - genDependencies : Invalid condition id : LAN8742 Phy interface Condition cause : null
2023-08-06 05:42:30,719 [WARN] ConditionMgr:1039 - genDependencies : Invalid condition id : LAN8742 Phy interface Condition cause : null
2023-08-06 05:42:30,729 [WARN] PackLoader:240 - Cannot read IP mode file for STMicroelectronics.X-CUBE-SFXS2LP1.4.0.0
2023-08-06 05:42:30,747 [WARN] PackLoader:240 - Cannot read IP mode file for STMicroelectronics.X-CUBE-AZRTOS-H7.3.0.0
2023-08-06 05:42:30,755 [WARN] PackLoader:240 - Cannot read IP mode file for STMicroelectronics.X-CUBE-ISPU.1.1.0
2023-08-06 05:42:30,766 [WARN] PackLoader:240 - Cannot read IP mode file for RoweBots.I-CUBE-UNISONRTOS.5.5.0-4
2023-08-06 05:42:30,802 [WARN] PackLoader:240 - Cannot read IP mode file for STMicroelectronics.X-CUBE-AI.8.0.0
2023-08-06 05:42:30,810 [WARN] PackLoader:240 - Cannot read IP mode file for STMicroelectronics.X-CUBE-FREERTOS.1.0.0
2023-08-06 05:42:30,818 [WARN] PackLoader:240 - Cannot read IP mode file for STMicroelectronics.X-CUBE-FREERTOS.1.0.1
2023-08-06 05:42:30,834 [WARN] PackLoader:240 - Cannot read IP mode file for STMicroelectronics.X-CUBE-AZRTOS-L5.1.1.0
2023-08-06 05:42:30,845 [WARN] PackLoader:240 - Cannot read IP mode file for STMicroelectronics.X-CUBE-AI.8.0.1
2023-08-06 05:42:30,857 [WARN] PackLoader:240 - Cannot read IP mode file for STMicroelectronics.X-CUBE-SUBG2.5.0.0
2023-08-06 05:42:30,869 [WARN] PackLoader:240 - Cannot read IP mode file for STMicroelectronics.X-CUBE-TOF1.3.3.1
2023-08-06 05:42:30,888 [WARN] PackLoader:240 - Cannot read IP mode file for STMicroelectronics.X-CUBE-AZRTOS-G4.2.0.0
2023-08-06 05:42:30,899 [WARN] PackLoader:240 - Cannot read IP mode file for STMicroelectronics.X-CUBE-TOF1.3.3.0
2023-08-06 05:42:30,910 [WARN] PackLoader:240 - Cannot read IP mode file for STMicroelectronics.FP-ATR-ASTRA1.1.1.1
2023-08-06 05:42:30,923 [WARN] PackLoader:240 - Cannot read IP mode file for STMicroelectronics.X-CUBE-AZRTOS-G4.1.0.0
2023-08-06 05:42:30,940 [WARN] PackLoader:240 - Cannot read IP mode file for STMicroelectronics.X-CUBE-AZRTOS-L4.1.0.0
2023-08-06 05:42:30,954 [WARN] PackLoader:240 - Cannot read IP mode file for STMicroelectronics.X-CUBE-AZRTOS-WL.1.0.0
2023-08-06 05:42:30,965 [WARN] PackLoader:240 - Cannot read IP mode file for portGmbH.I-Cube-SoM-uGOAL.1.1.0
2023-08-06 05:42:31,011 [WARN] PackLoader:240 - Cannot read IP mode file for STMicroelectronics.X-CUBE-ALS.1.0.1
2023-08-06 05:42:31,025 [WARN] PackLoader:240 - Cannot read IP mode file for STMicroelectronics.X-CUBE-AZRTOS-WB.1.1.0
2023-08-06 05:42:31,041 [WARN] PackLoader:240 - Cannot read IP mode file for STMicroelectronics.X-CUBE-AZRTOS-L5.1.0.0
2023-08-06 05:42:31,048 [WARN] PackLoader:240 - Cannot read IP mode file for STMicroelectronics.X-CUBE-EEPRMA1.3.1.1
2023-08-06 05:42:31,054 [WARN] PackLoader:240 - Cannot read IP mode file for STMicroelectronics.FP-ATR-ASTRA1.2.0.0
2023-08-06 05:42:31,055 [INFO] ThirdParty:978 - Integrity check success = true
2023-08-06 05:42:31,055 [INFO] IntegrityCheckThread:100 - exiting critical section [integrity check]
2023-08-06 05:42:31,055 [INFO] IntegrityCheckThread:103 - End integrity checks thread
2023-08-06 05:42:34,249 [ERROR] AdobePublisher:162 - Exception while opening the connection: java.net.SocketTimeoutException: Connect timed out
2023-08-06 05:42:39,251 [ERROR] AdobePublisher:162 - Exception while opening the connection: java.net.SocketTimeoutException: Connect timed out
2023-08-06 05:42:44,253 [ERROR] AdobePublisher:162 - Exception while opening the connection: java.net.SocketTimeoutException: Connect timed out
2023-08-06 05:42:49,262 [ERROR] AdobePublisher:162 - Exception while opening the connection: java.net.SocketTimeoutException: Connect timed out
2023-08-06 05:42:54,271 [ERROR] AdobePublisher:162 - Exception while opening the connection: java.net.SocketTimeoutException: Connect timed out
2023-08-06 05:42:59,274 [ERROR] AdobePublisher:162 - Exception while opening the connection: java.net.SocketTimeoutException: Connect timed out
2023-08-06 05:43:04,284 [ERROR] AdobePublisher:162 - Exception while opening the connection: java.net.SocketTimeoutException: Connect timed out
2023-08-06 05:43:09,287 [ERROR] AdobePublisher:162 - Exception while opening the connection: java.net.SocketTimeoutException: Connect timed out
2023-08-06 05:43:14,287 [ERROR] AdobePublisher:162 - Exception while opening the connection: java.net.SocketTimeoutException: Connect timed out
2023-08-06 05:43:19,306 [ERROR] AdobePublisher:162 - Exception while opening the connection: java.net.SocketTimeoutException: Read timed out
2023-08-06 05:43:39,849 [ERROR] LogOutputStream:75 - [STDERR_REDIRECT] SLF4J: Failed to load class "org.slf4j.impl.StaticLoggerBinder".
2023-08-06 05:43:39,849 [ERROR] LogOutputStream:75 - [STDERR_REDIRECT] SLF4J: Defaulting to no-operation (NOP) logger implementation
2023-08-06 05:43:39,850 [ERROR] LogOutputStream:75 - [STDERR_REDIRECT] SLF4J: See http://www.slf4j.org/codes.html#StaticLoggerBinder for further details.
2023-08-06 10:47:20,926 [ERROR] ConfigurationRetriever:142 - IOException on connection: Read timed out
2023-08-06 10:47:22,928 [ERROR] ConfigurationRetriever:142 - IOException on connection: Connect timed out
2023-08-06 10:52:35,656 [ERROR] ConfigurationRetriever:142 - IOException on connection: Connect timed out
2023-08-06 10:52:37,656 [ERROR] ConfigurationRetriever:142 - IOException on connection: Connect timed out
2023-08-06 10:52:39,657 [ERROR] ConfigurationRetriever:142 - IOException on connection: Connect timed out
2023-08-06 10:53:30,293 [ERROR] ConfigurationRetriever:142 - IOException on connection: Connect timed out
2023-08-06 10:53:32,295 [ERROR] ConfigurationRetriever:142 - IOException on connection: Connect timed out
2023-08-06 10:53:34,297 [ERROR] ConfigurationRetriever:142 - IOException on connection: Connect timed out
2023-08-06 10:55:15,306 [ERROR] ConfigurationRetriever:142 - IOException on connection: Read timed out
2023-08-06 10:55:18,095 [ERROR] ConfigurationRetriever:142 - IOException on connection: Read timed out
2023-08-06 10:55:26,175 [ERROR] AdobePublisher:162 - Exception while opening the connection: java.net.SocketTimeoutException: Read timed out
2023-08-06 10:57:28,442 [ERROR] ConfigurationRetriever:142 - IOException on connection: Connect timed out
2023-08-06 10:57:30,442 [ERROR] ConfigurationRetriever:142 - IOException on connection: Connect timed out
2023-08-06 10:57:32,444 [ERROR] ConfigurationRetriever:142 - IOException on connection: Connect timed out
2023-08-06 10:59:23,661 [ERROR] ConfigurationRetriever:142 - IOException on connection: Connect timed out
2023-08-06 10:59:25,663 [ERROR] ConfigurationRetriever:142 - IOException on connection: Connect timed out
2023-08-06 10:59:27,664 [ERROR] ConfigurationRetriever:142 - IOException on connection: Connect timed out
2023-08-06 11:04:46,029 [ERROR] ConfigurationRetriever:142 - IOException on connection: Connect timed out
2023-08-06 11:04:48,031 [ERROR] ConfigurationRetriever:142 - IOException on connection: Connect timed out
2023-08-06 11:04:50,033 [ERROR] ConfigurationRetriever:142 - IOException on connection: Connect timed out
2023-08-06 11:08:12,487 [ERROR] ConfigurationRetriever:142 - IOException on connection: Read timed out
2023-08-06 11:08:14,779 [ERROR] ConfigurationRetriever:142 - IOException on connection: Read timed out
2023-08-06 11:08:18,408 [ERROR] AdobePublisher:162 - Exception while opening the connection: java.net.SocketTimeoutException: Read timed out
2023-08-06 11:11:15,393 [ERROR] ConfigurationRetriever:142 - IOException on connection: Connect timed out
2023-08-06 11:11:17,396 [ERROR] ConfigurationRetriever:142 - IOException on connection: Connect timed out
2023-08-06 11:11:19,396 [ERROR] ConfigurationRetriever:142 - IOException on connection: Connect timed out
2023-08-06 12:18:19,675 [ERROR] AdobePublisher:162 - Exception while opening the connection: java.net.SocketTimeoutException: Read timed out
2023-08-06 12:18:21,888 [ERROR] AdobePublisher:162 - Exception while opening the connection: java.net.SocketTimeoutException: Read timed out
2023-08-06 12:20:54,969 [ERROR] ConfigurationRetriever:142 - IOException on connection: Connect timed out
2023-08-06 12:20:56,970 [ERROR] ConfigurationRetriever:142 - IOException on connection: Connect timed out
2023-08-06 12:20:58,970 [ERROR] ConfigurationRetriever:142 - IOException on connection: Connect timed out
2023-08-06 12:30:01,702 [ERROR] ConfigurationRetriever:142 - IOException on connection: Read timed out
2023-08-06 12:30:03,972 [ERROR] ConfigurationRetriever:142 - IOException on connection: Read timed out
2023-08-06 12:39:01,533 [ERROR] ConfigurationRetriever:142 - IOException on connection: Read timed out
2023-08-06 12:39:04,584 [ERROR] ConfigurationRetriever:142 - IOException on connection: Read timed out
2023-08-06 12:39:06,724 [ERROR] ConfigurationRetriever:142 - IOException on connection: Read timed out
2023-08-06 14:10:04,544 [ERROR] AdobePublisher:162 - Exception while opening the connection: java.net.SocketTimeoutException: Connect timed out
2023-08-06 14:10:06,546 [ERROR] AdobePublisher:162 - Exception while opening the connection: java.net.SocketTimeoutException: Connect timed out
2023-08-06 14:10:08,547 [ERROR] AdobePublisher:162 - Exception while opening the connection: java.net.SocketTimeoutException: Connect timed out
2023-08-06 14:10:10,549 [ERROR] AdobePublisher:162 - Exception while opening the connection: java.net.SocketTimeoutException: Connect timed out
2023-08-06 14:10:12,551 [ERROR] AdobePublisher:162 - Exception while opening the connection: java.net.SocketTimeoutException: Connect timed out
2023-08-06 14:12:38,002 [ERROR] AdobePublisher:162 - Exception while opening the connection: java.net.SocketTimeoutException: Connect timed out
2023-08-06 14:12:40,004 [ERROR] AdobePublisher:162 - Exception while opening the connection: java.net.SocketTimeoutException: Connect timed out
2023-08-06 14:12:42,005 [ERROR] AdobePublisher:162 - Exception while opening the connection: java.net.SocketTimeoutException: Connect timed out
2023-08-06 14:12:44,006 [ERROR] AdobePublisher:162 - Exception while opening the connection: java.net.SocketTimeoutException: Connect timed out
2023-08-06 14:12:46,008 [ERROR] AdobePublisher:162 - Exception while opening the connection: java.net.SocketTimeoutException: Connect timed out
2023-08-06 14:13:03,095 [ERROR] ConfigurationRetriever:142 - IOException on connection: Read timed out
2023-08-06 14:14:57,110 [ERROR] ConfigurationRetriever:142 - IOException on connection: Read timed out
2023-08-06 14:15:01,397 [ERROR] ConfigurationRetriever:142 - IOException on connection: Read timed out
2023-08-06 14:15:55,307 [ERROR] ConfigurationRetriever:142 - IOException on connection: Read timed out
2023-08-06 14:15:59,573 [ERROR] AdobePublisher:162 - Exception while opening the connection: java.net.SocketTimeoutException: Connect timed out
2023-08-06 14:16:01,574 [ERROR] AdobePublisher:162 - Exception while opening the connection: java.net.SocketTimeoutException: Connect timed out
2023-08-06 14:16:03,575 [ERROR] AdobePublisher:162 - Exception while opening the connection: java.net.SocketTimeoutException: Connect timed out
2023-08-06 14:16:05,577 [ERROR] AdobePublisher:162 - Exception while opening the connection: java.net.SocketTimeoutException: Connect timed out
2023-08-06 14:16:07,579 [ERROR] AdobePublisher:162 - Exception while opening the connection: java.net.SocketTimeoutException: Connect timed out
2023-08-06 17:45:51,769 [ERROR] ConfigurationRetriever:142 - IOException on connection: Connect timed out
2023-08-06 17:45:53,781 [ERROR] ConfigurationRetriever:142 - IOException on connection: Connect timed out
2023-08-06 17:45:55,786 [ERROR] ConfigurationRetriever:142 - IOException on connection: Connect timed out
